<?xml version="1.0" encoding="utf-8"?>
<shfbBuild product="Sandcastle Help File Builder and Tools" version="2019.8.24.0" projectFile="C:\Users\circleci\temp\project.shfbproj" started="11/12/2019 10:27:23 PM">
<buildStep step="Initializing">
Finding tools...
The Sandcastle tools are located in &#39;C:\Program Files (x86)\EWSoftware\Sandcastle Help File Builder\&#39;
Locating components in the following folder(s):
    C:\Users\circleci\temp
    C:\ProgramData\EWSoftware\Sandcastle Help File Builder\Components and Plug-Ins\
    C:\Program Files (x86)\EWSoftware\Sandcastle Help File Builder\
Using framework reflection data for &#39;.NET Framework 4.5&#39; located in &#39;C:\Program Files (x86)\EWSoftware\Sandcastle Help File Builder\Data\.NETFramework&#39;
Using presentation style &#39;VS2013&#39; located in &#39;C:\Program Files (x86)\EWSoftware\Sandcastle Help File Builder\PresentationStyles\VS2013&#39;
Loading and initializing plug-ins...
Lightweight Website Style Version 2019.8.24.0
Copyright &#169; 2006-2019, Eric Woodruff, All Rights Reserved
Portions Copyright &#169; 2014, Sam Harwell, All Rights Reserved
-------------------------------
Clearing any prior web/markdown output...
</buildStep>
<buildStep step="ValidatingDocumentationSources">
Validating and copying documentation source information
Source: C:\Users\circleci\project\src\LaunchDarkly.ServerSdk\bin\Debug\net45\LaunchDarkly.ServerSdk.dll
    Found assembly &#39;C:\Users\circleci\project\src\LaunchDarkly.ServerSdk\bin\Debug\net45\LaunchDarkly.ServerSdk.dll&#39;
Source: C:\Users\circleci\project\src\LaunchDarkly.ServerSdk\bin\Debug\net45\LaunchDarkly.ServerSdk.xml

Copying XML comments files
    C:\Users\circleci\project\src\LaunchDarkly.ServerSdk\bin\Debug\net45\LaunchDarkly.ServerSdk.xml -&gt; C:\Users\circleci\temp\docs\Working\LaunchDarkly.ServerSdk.xml
</buildStep>
<buildStep step="GenerateSharedContent">
Generating shared content files (en-US, English (United States))...
<plugIn name="Lightweight Website Style" behavior="After" priority="1000">
</plugIn>    Last step completed in 00:00:00.0395
</buildStep>
<buildStep step="GenerateApiFilter">
Generating API filter for MRefBuilder...
    Last step completed in 00:00:00.0127
</buildStep>
<buildStep step="GenerateReflectionInfo">
Generating reflection information...
[C:\Program Files (x86)\Microsoft Visual Studio\2019\Community\MSBuild\Current\Bin\MSBuild.exe - GenerateRefInfo.proj]
Build started 11/12/2019 10:27:27 PM.
Project &quot;C:\Users\circleci\temp\docs\Working\GenerateRefInfo.proj&quot; on node 1 (default targets).
PrepareForBuild:
  Creating directory &quot;obj\Debug\&quot;.
GenerateRefInfo:
  MRefBuilder (v2019.8.24.0)
  Copyright c 2006-2019, Microsoft Corporation, All Rights Reserved.
  Portions Copyright c 2006-2019, Eric Woodruff, All Rights Reserved.
  No source code context base path specified.  Source context information is unavailable.
  Loaded 1 assemblies for reflection and 1 dependency assemblies.
  Wrote information on 3 namespaces, 28 types, and 230 members
  Copying file from &quot;C:\Users\circleci\temp\docs\Working\reflection.org&quot; to &quot;C:\Users\circleci\temp\docs\Working\reflection.all&quot;.
  XslTransform (v2019.8.24.0)
  Copyright c 2006-2019, Microsoft Corporation, All Rights Reserved.
  Portions Copyright c 2006-2019, Eric Woodruff, All Rights Reserved.
  Applying XSL transformation &#39;C:\Program Files (x86)\EWSoftware\Sandcastle Help File Builder\ProductionTransforms\MergeDuplicates.xsl&#39;.
Done Building Project &quot;C:\Users\circleci\temp\docs\Working\GenerateRefInfo.proj&quot; (default targets).
    Last step completed in 00:00:04.4631
</buildStep>
<buildStep step="TransformReflectionInfo">
Transforming reflection output...
[C:\Program Files (x86)\Microsoft Visual Studio\2019\Community\MSBuild\Current\Bin\MSBuild.exe - TransformManifest.proj]
Build started 11/12/2019 10:27:31 PM.
Project &quot;C:\Users\circleci\temp\docs\Working\TransformManifest.proj&quot; on node 1 (default targets).
TransformManifest:
  XslTransform (v2019.8.24.0)
  Copyright c 2006-2019, Microsoft Corporation, All Rights Reserved.
  Portions Copyright c 2006-2019, Eric Woodruff, All Rights Reserved.
  Applying XSL transformation &#39;C:\Program Files (x86)\EWSoftware\Sandcastle Help File Builder\\ProductionTransforms\ApplyVSDocModel.xsl&#39;.
  Copying file from &quot;C:\Users\circleci\temp\docs\Working\reflection.xml&quot; to &quot;C:\Users\circleci\temp\docs\Working\reflection.nofilenames&quot;.
  XslTransform (v2019.8.24.0)
  Copyright c 2006-2019, Microsoft Corporation, All Rights Reserved.
  Portions Copyright c 2006-2019, Eric Woodruff, All Rights Reserved.
  Applying XSL transformation &#39;C:\Program Files (x86)\EWSoftware\Sandcastle Help File Builder\ProductionTransforms\AddFilenames.xsl&#39;.
    Unique name M_LaunchDarkly_Client_Configuration_Builder_1 generated for M:LaunchDarkly.Client.Configuration.Builder(System.String)
    Unique name M_LaunchDarkly_Client_ConfigurationExtensions_WithEventsUri_1 generated for M:LaunchDarkly.Client.ConfigurationExtensions.WithEventsUri(LaunchDarkly.Client.Configuration,System.Uri)
    Unique name M_LaunchDarkly_Client_ConfigurationExtensions_WithStreamUri_1 generated for M:LaunchDarkly.Client.ConfigurationExtensions.WithStreamUri(LaunchDarkly.Client.Configuration,System.Uri)
    Unique name M_LaunchDarkly_Client_ConfigurationExtensions_WithUri_1 generated for M:LaunchDarkly.Client.ConfigurationExtensions.WithUri(LaunchDarkly.Client.Configuration,System.Uri)
    Unique name M_LaunchDarkly_Client_ILdClient_JsonVariation_1 generated for M:LaunchDarkly.Client.ILdClient.JsonVariation(System.String,LaunchDarkly.Client.User,Newtonsoft.Json.Linq.JToken)
    Unique name M_LaunchDarkly_Client_ILdClient_JsonVariationDetail_1 generated for M:LaunchDarkly.Client.ILdClient.JsonVariationDetail(System.String,LaunchDarkly.Client.User,Newtonsoft.Json.Linq.JToken)
    Unique name M_LaunchDarkly_Client_ILdClient_Track_1 generated for M:LaunchDarkly.Client.ILdClient.Track(System.String,LaunchDarkly.Client.User,LaunchDarkly.Client.LdValue)
    Unique name M_LaunchDarkly_Client_ILdClient_Track_2 generated for M:LaunchDarkly.Client.ILdClient.Track(System.String,LaunchDarkly.Client.User,LaunchDarkly.Client.LdValue,System.Double)
    Unique name M_LaunchDarkly_Client_ILdClient_Track_3 generated for M:LaunchDarkly.Client.ILdClient.Track(System.String,LaunchDarkly.Client.User,System.String)
    Unique name M_LaunchDarkly_Client_ILdClient_Track_4 generated for M:LaunchDarkly.Client.ILdClient.Track(System.String,Newtonsoft.Json.Linq.JToken,LaunchDarkly.Client.User)
    Unique name M_LaunchDarkly_Client_LdClient__ctor_1 generated for M:LaunchDarkly.Client.LdClient.#ctor(LaunchDarkly.Client.Configuration,LaunchDarkly.Client.IEventProcessor)
    Unique name M_LaunchDarkly_Client_LdClient__ctor_2 generated for M:LaunchDarkly.Client.LdClient.#ctor(System.String)
    Unique name M_LaunchDarkly_Client_LdClient_JsonVariation_1 generated for M:LaunchDarkly.Client.LdClient.JsonVariation(System.String,LaunchDarkly.Client.User,Newtonsoft.Json.Linq.JToken)
    Unique name M_LaunchDarkly_Client_LdClient_JsonVariationDetail_1 generated for M:LaunchDarkly.Client.LdClient.JsonVariationDetail(System.String,LaunchDarkly.Client.User,Newtonsoft.Json.Linq.JToken)
    Unique name M_LaunchDarkly_Client_LdClient_Track_1 generated for M:LaunchDarkly.Client.LdClient.Track(System.String,LaunchDarkly.Client.User,LaunchDarkly.Client.LdValue)
    Unique name M_LaunchDarkly_Client_LdClient_Track_2 generated for M:LaunchDarkly.Client.LdClient.Track(System.String,LaunchDarkly.Client.User,LaunchDarkly.Client.LdValue,System.Double)
    Unique name M_LaunchDarkly_Client_LdClient_Track_3 generated for M:LaunchDarkly.Client.LdClient.Track(System.String,LaunchDarkly.Client.User,System.String)
    Unique name M_LaunchDarkly_Client_LdClient_Track_4 generated for M:LaunchDarkly.Client.LdClient.Track(System.String,Newtonsoft.Json.Linq.JToken,LaunchDarkly.Client.User)
    Unique name M_LaunchDarkly_Client_Utils_CachingStoreWrapper_Builder_1 generated for M:LaunchDarkly.Client.Utils.CachingStoreWrapper.Builder(LaunchDarkly.Client.Utils.IFeatureStoreCoreAsync)
  XslTransform (v2019.8.24.0)
  Copyright c 2006-2019, Microsoft Corporation, All Rights Reserved.
  Portions Copyright c 2006-2019, Eric Woodruff, All Rights Reserved.
  Applying XSL transformation &#39;C:\Program Files (x86)\EWSoftware\Sandcastle Help File Builder\ProductionTransforms\ReflectionToManifest.xsl&#39;.
Done Building Project &quot;C:\Users\circleci\temp\docs\Working\TransformManifest.proj&quot; (default targets).
    Last step completed in 00:00:03.1355
</buildStep>
<buildStep step="GenerateNamespaceSummaries">
Generating namespace summary information...
    Last step completed in 00:00:00.0420
</buildStep>
<buildStep step="GenerateInheritedDocumentation">
Generating inherited documentation...
[C:\Program Files (x86)\Microsoft Visual Studio\2019\Community\MSBuild\Current\Bin\MSBuild.exe - GenerateInheritedDocs.proj]
Sandcastle Help File Builder and Tools, version 2019.8.24.0
Copyright c 2006-2019, Eric Woodruff, All Rights Reserved
E-Mail: Eric@EWoodruff.us

Reflection information will be retrieved from &#39;reflection.xml&#39;
Inherited documentation will be written to &#39;_InheritedDocs_.xml&#39;
Indexing C:\Program Files (x86)\Reference Assemblies\Microsoft\Framework\.NETFramework\v4.5\*.xml
Indexing C:\Users\circleci\temp\docs\Working\LaunchDarkly.ServerSdk.xml
Indexed 157915 members in 121 file(s).  1 file(s) to scan for &lt;inheritdoc /&gt; tags.
Merging inherited documentation...

SHFB: Warning GID0004: No comments found for member &#39;M:LaunchDarkly.Client.LdClient.IsOffline&#39;
SHFB: Warning GID0004: No comments found for member &#39;P:LaunchDarkly.Client.LdClient.Version&#39;
SHFB: Warning GID0004: No comments found for member &#39;M:LaunchDarkly.Client.LdClient.Flush&#39;

Documentation merged successfully
    Last step completed in 00:00:03.1814
</buildStep>
<buildStep step="CopyAdditionalContent">
Copying additional content files...
No additional content to copy
    Last step completed in 00:00:00.0118
</buildStep>
<buildStep step="MergeTablesOfContents">
Merging conceptual and additional tables of contents...
    Last step completed in 00:00:00.0010
</buildStep>
<buildStep step="GenerateIntermediateTableOfContents">
Generating intermediate table of contents file...
[C:\Program Files (x86)\Microsoft Visual Studio\2019\Community\MSBuild\Current\Bin\MSBuild.exe - GenerateIntermediateTOC.proj]
Build started 11/12/2019 10:27:37 PM.
Project &quot;C:\Users\circleci\temp\docs\Working\GenerateIntermediateTOC.proj&quot; on node 1 (default targets).
GenerateIntermediateTOC:
  XslTransform (v2019.8.24.0)
  Copyright c 2006-2019, Microsoft Corporation, All Rights Reserved.
  Portions Copyright c 2006-2019, Eric Woodruff, All Rights Reserved.
  Applying XSL transformation &#39;C:\Program Files (x86)\EWSoftware\Sandcastle Help File Builder\\ProductionTransforms\CreateVSToc.xsl&#39;.
Done Building Project &quot;C:\Users\circleci\temp\docs\Working\GenerateIntermediateTOC.proj&quot; (default targets).
Generating conceptual content intermediate TOC file...
    Last step completed in 00:00:02.2298
</buildStep>
<buildStep step="CreateBuildAssemblerConfigs">
Creating Sandcastle configuration files...
    sandcastle.config
    Last step completed in 00:00:00.0816
</buildStep>
<buildStep step="MergeCustomConfigs">
Merging custom build component configurations
C:\Users\circleci\temp\docs\Working\sandcastle.config
  Updating reference topic configurations.
  No conceptual content.  Removing conceptual content components.
    Last step completed in 00:00:00.0072
</buildStep>
<buildStep step="BuildTopics">
Building help topics...
[C:\Program Files (x86)\Microsoft Visual Studio\2019\Community\MSBuild\Current\Bin\MSBuild.exe - BuildTopics.proj]
Build started 11/12/2019 10:27:40 PM.
Project &quot;C:\Users\circleci\temp\docs\Working\BuildTopics.proj&quot; on node 1 (default targets).
BuildTopics:
  BuildAssembler (v2019.8.24.0)
  Copyright c 2006-2019, Microsoft Corporation, All Rights Reserved.
  Portions Copyright c 2006-2019, Eric Woodruff, All Rights Reserved.
  Loading configuration...
  ResolveReferenceLinksComponent: The member ID URL cache &#39;C:\Users\circleci\AppData\Local\EWSoftware\Sandcastle Help File Builder\Cache\MemberIdUrl.cache&#39; does not exist yet.  All IDs will be looked up in this build which will slow it down.
  Processing topics...
BuildAssembler : warning : ResolveReferenceLinksComponent: [N:LaunchDarkly.Client] Unknown reference link target &#39;T:LaunchDarkly.Client.User&#39;. [C:\Users\circleci\temp\docs\Working\BuildTopics.proj]
BuildAssembler : warning : ResolveReferenceLinksComponent: [N:LaunchDarkly.Client] Unknown reference link target &#39;T:LaunchDarkly.Client.IEventProcessor&#39;. [C:\Users\circleci\temp\docs\Working\BuildTopics.proj]
BuildAssembler : warning : ResolveReferenceLinksComponent: [T:LaunchDarkly.Client.Components] Unknown reference link target &#39;T:LaunchDarkly.Client.IEventProcessor&#39;. [C:\Users\circleci\temp\docs\Working\BuildTopics.proj]
BuildAssembler : warning : ResolveReferenceLinksComponent: [T:LaunchDarkly.Client.Components] Unknown reference link target &#39;T:LaunchDarkly.Client.IEventProcessor&#39;. [C:\Users\circleci\temp\docs\Working\BuildTopics.proj]
BuildAssembler : warning : ResolveReferenceLinksComponent: [Properties.T:LaunchDarkly.Client.Components] Unknown reference link target &#39;T:LaunchDarkly.Client.IEventProcessor&#39;. [C:\Users\circleci\temp\docs\Working\BuildTopics.proj]
BuildAssembler : warning : ResolveReferenceLinksComponent: [Properties.T:LaunchDarkly.Client.Components] Unknown reference link target &#39;T:LaunchDarkly.Client.IEventProcessor&#39;. [C:\Users\circleci\temp\docs\Working\BuildTopics.proj]
BuildAssembler : warning : ResolveReferenceLinksComponent: [P:LaunchDarkly.Client.Components.DefaultEventProcessor] Unknown reference link target &#39;T:LaunchDarkly.Client.IEventProcessor&#39;. [C:\Users\circleci\temp\docs\Working\BuildTopics.proj]
BuildAssembler : warning : ResolveReferenceLinksComponent: [P:LaunchDarkly.Client.Components.NullEventProcessor] Unknown reference link target &#39;T:LaunchDarkly.Client.IEventProcessor&#39;. [C:\Users\circleci\temp\docs\Working\BuildTopics.proj]
BuildAssembler : warning : ResolveReferenceLinksComponent: [T:LaunchDarkly.Client.Configuration] Unknown reference link target &#39;T:LaunchDarkly.Client.IEventProcessor&#39;. [C:\Users\circleci\temp\docs\Working\BuildTopics.proj]
BuildAssembler : warning : ResolveReferenceLinksComponent: [T:LaunchDarkly.Client.Configuration] Unknown reference link target &#39;T:LaunchDarkly.Client.User&#39;. [C:\Users\circleci\temp\docs\Working\BuildTopics.proj]
BuildAssembler : warning : ResolveReferenceLinksComponent: [T:LaunchDarkly.Client.Configuration] Unknown reference link target &#39;T:LaunchDarkly.Client.IEventProcessor&#39;. [C:\Users\circleci\temp\docs\Working\BuildTopics.proj]
BuildAssembler : warning : ResolveReferenceLinksComponent: [T:LaunchDarkly.Client.Configuration] Unknown reference link target &#39;T:LaunchDarkly.Client.User&#39;. [C:\Users\circleci\temp\docs\Working\BuildTopics.proj]
BuildAssembler : warning : ResolveReferenceLinksComponent: [Methods.T:LaunchDarkly.Client.Configuration] Unknown reference link target &#39;T:LaunchDarkly.Client.User&#39;. [C:\Users\circleci\temp\docs\Working\BuildTopics.proj]
BuildAssembler : warning : ResolveReferenceLinksComponent: [Methods.T:LaunchDarkly.Client.Configuration] Unknown reference link target &#39;T:LaunchDarkly.Client.IEventProcessor&#39;. [C:\Users\circleci\temp\docs\Working\BuildTopics.proj]
BuildAssembler : warning : ResolveReferenceLinksComponent: [Methods.T:LaunchDarkly.Client.Configuration] Unknown reference link target &#39;T:LaunchDarkly.Client.User&#39;. [C:\Users\circleci\temp\docs\Working\BuildTopics.proj]
BuildAssembler : warning : ResolveReferenceLinksComponent: [Properties.T:LaunchDarkly.Client.Configuration] Unknown reference link target &#39;T:LaunchDarkly.Client.IEventProcessor&#39;. [C:\Users\circleci\temp\docs\Working\BuildTopics.proj]
BuildAssembler : warning : ResolveReferenceLinksComponent: [P:LaunchDarkly.Client.Configuration.AllAttributesPrivate] Unknown reference link target &#39;P:LaunchDarkly.Common.IBaseConfiguration.AllAttributesPrivate&#39;. [C:\Users\circleci\temp\docs\Working\BuildTopics.proj]
BuildAssembler : warning : ResolveReferenceLinksComponent: [P:LaunchDarkly.Client.Configuration.AllAttributesPrivate] Unknown reference link target &#39;T:LaunchDarkly.Client.User&#39;. [C:\Users\circleci\temp\docs\Working\BuildTopics.proj]
BuildAssembler : warning : ResolveReferenceLinksComponent: [P:LaunchDarkly.Client.Configuration.BaseUri] Unknown reference link target &#39;P:LaunchDarkly.Common.IBaseConfiguration.BaseUri&#39;. [C:\Users\circleci\temp\docs\Working\BuildTopics.proj]
BuildAssembler : warning : ResolveReferenceLinksComponent: [P:LaunchDarkly.Client.Configuration.EventCapacity] Unknown reference link target &#39;P:LaunchDarkly.Common.IBaseConfiguration.EventCapacity&#39;. [C:\Users\circleci\temp\docs\Working\BuildTopics.proj]
BuildAssembler : warning : ResolveReferenceLinksComponent: [P:LaunchDarkly.Client.Configuration.EventFlushInterval] Unknown reference link target &#39;P:LaunchDarkly.Common.IBaseConfiguration.EventFlushInterval&#39;. [C:\Users\circleci\temp\docs\Working\BuildTopics.proj]
BuildAssembler : warning : ResolveReferenceLinksComponent: [P:LaunchDarkly.Client.Configuration.EventProcessorFactory] Unknown reference link target &#39;T:LaunchDarkly.Client.IEventProcessor&#39;. [C:\Users\circleci\temp\docs\Working\BuildTopics.proj]
BuildAssembler : warning : ResolveReferenceLinksComponent: [P:LaunchDarkly.Client.Configuration.EventQueueCapacity] Unknown reference link target &#39;P:LaunchDarkly.Common.IBaseConfiguration.EventQueueCapacity&#39;. [C:\Users\circleci\temp\docs\Working\BuildTopics.proj]
BuildAssembler : warning : ResolveReferenceLinksComponent: [P:LaunchDarkly.Client.Configuration.EventQueueFrequency] Unknown reference link target &#39;P:LaunchDarkly.Common.IBaseConfiguration.EventQueueFrequency&#39;. [C:\Users\circleci\temp\docs\Working\BuildTopics.proj]
BuildAssembler : warning : ResolveReferenceLinksComponent: [P:LaunchDarkly.Client.Configuration.EventSamplingInterval] Unknown reference link target &#39;P:LaunchDarkly.Common.IBaseConfiguration.EventSamplingInterval&#39;. [C:\Users\circleci\temp\docs\Working\BuildTopics.proj]
BuildAssembler : warning : ResolveReferenceLinksComponent: [P:LaunchDarkly.Client.Configuration.EventsUri] Unknown reference link target &#39;P:LaunchDarkly.Common.IBaseConfiguration.EventsUri&#39;. [C:\Users\circleci\temp\docs\Working\BuildTopics.proj]
BuildAssembler : warning : ResolveReferenceLinksComponent: [P:LaunchDarkly.Client.Configuration.HttpClientHandler] Unknown reference link target &#39;P:LaunchDarkly.Common.IBaseConfiguration.HttpClientHandler&#39;. [C:\Users\circleci\temp\docs\Working\BuildTopics.proj]
BuildAssembler : warning : ResolveReferenceLinksComponent: [P:LaunchDarkly.Client.Configuration.HttpClientTimeout] Unknown reference link target &#39;P:LaunchDarkly.Common.IBaseConfiguration.HttpClientTimeout&#39;. [C:\Users\circleci\temp\docs\Working\BuildTopics.proj]
BuildAssembler : warning : ResolveReferenceLinksComponent: [P:LaunchDarkly.Client.Configuration.InlineUsersInEvents] Unknown reference link target &#39;P:LaunchDarkly.Common.IBaseConfiguration.InlineUsersInEvents&#39;. [C:\Users\circleci\temp\docs\Working\BuildTopics.proj]
BuildAssembler : warning : ResolveReferenceLinksComponent: [P:LaunchDarkly.Client.Configuration.Offline] Unknown reference link target &#39;P:LaunchDarkly.Common.IBaseConfiguration.Offline&#39;. [C:\Users\circleci\temp\docs\Working\BuildTopics.proj]
BuildAssembler : warning : ResolveReferenceLinksComponent: [P:LaunchDarkly.Client.Configuration.PrivateAttributeNames] Unknown reference link target &#39;P:LaunchDarkly.Common.IBaseConfiguration.PrivateAttributeNames&#39;. [C:\Users\circleci\temp\docs\Working\BuildTopics.proj]
BuildAssembler : warning : ResolveReferenceLinksComponent: [P:LaunchDarkly.Client.Configuration.PrivateAttributeNames] Unknown reference link target &#39;T:LaunchDarkly.Client.User&#39;. [C:\Users\circleci\temp\docs\Working\BuildTopics.proj]
BuildAssembler : warning : ResolveReferenceLinksComponent: [P:LaunchDarkly.Client.Configuration.ReadTimeout] Unknown reference link target &#39;P:LaunchDarkly.Common.IBaseConfiguration.ReadTimeout&#39;. [C:\Users\circleci\temp\docs\Working\BuildTopics.proj]
BuildAssembler : warning : ResolveReferenceLinksComponent: [P:LaunchDarkly.Client.Configuration.ReconnectTime] Unknown reference link target &#39;P:LaunchDarkly.Common.IBaseConfiguration.ReconnectTime&#39;. [C:\Users\circleci\temp\docs\Working\BuildTopics.proj]
BuildAssembler : warning : ResolveReferenceLinksComponent: [P:LaunchDarkly.Client.Configuration.SdkKey] Unknown reference link target &#39;P:LaunchDarkly.Common.IBaseConfiguration.SdkKey&#39;. [C:\Users\circleci\temp\docs\Working\BuildTopics.proj]
BuildAssembler : warning : ResolveReferenceLinksComponent: [P:LaunchDarkly.Client.Configuration.StreamUri] Unknown reference link target &#39;P:LaunchDarkly.Common.IBaseConfiguration.StreamUri&#39;. [C:\Users\circleci\temp\docs\Working\BuildTopics.proj]
BuildAssembler : warning : ResolveReferenceLinksComponent: [P:LaunchDarkly.Client.Configuration.UserKeysCapacity] Unknown reference link target &#39;P:LaunchDarkly.Common.IBaseConfiguration.UserKeysCapacity&#39;. [C:\Users\circleci\temp\docs\Working\BuildTopics.proj]
BuildAssembler : warning : ResolveReferenceLinksComponent: [P:LaunchDarkly.Client.Configuration.UserKeysFlushInterval] Unknown reference link target &#39;P:LaunchDarkly.Common.IBaseConfiguration.UserKeysFlushInterval&#39;. [C:\Users\circleci\temp\docs\Working\BuildTopics.proj]
BuildAssembler : warning : ResolveReferenceLinksComponent: [T:LaunchDarkly.Client.ConfigurationExtensions] Unknown reference link target &#39;T:LaunchDarkly.Client.User&#39;. [C:\Users\circleci\temp\docs\Working\BuildTopics.proj]
BuildAssembler : warning : ResolveReferenceLinksComponent: [T:LaunchDarkly.Client.ConfigurationExtensions] Unknown reference link target &#39;T:LaunchDarkly.Client.IEventProcessor&#39;. [C:\Users\circleci\temp\docs\Working\BuildTopics.proj]
BuildAssembler : warning : ResolveReferenceLinksComponent: [T:LaunchDarkly.Client.ConfigurationExtensions] Unknown reference link target &#39;T:LaunchDarkly.Client.User&#39;. [C:\Users\circleci\temp\docs\Working\BuildTopics.proj]
BuildAssembler : warning : ResolveReferenceLinksComponent: [Methods.T:LaunchDarkly.Client.ConfigurationExtensions] Unknown reference link target &#39;T:LaunchDarkly.Client.User&#39;. [C:\Users\circleci\temp\docs\Working\BuildTopics.proj]
BuildAssembler : warning : ResolveReferenceLinksComponent: [Methods.T:LaunchDarkly.Client.ConfigurationExtensions] Unknown reference link target &#39;T:LaunchDarkly.Client.IEventProcessor&#39;. [C:\Users\circleci\temp\docs\Working\BuildTopics.proj]
BuildAssembler : warning : ResolveReferenceLinksComponent: [Methods.T:LaunchDarkly.Client.ConfigurationExtensions] Unknown reference link target &#39;T:LaunchDarkly.Client.User&#39;. [C:\Users\circleci\temp\docs\Working\BuildTopics.proj]
BuildAssembler : warning : ResolveReferenceLinksComponent: [M:LaunchDarkly.Client.ConfigurationExtensions.WithAllAttributesPrivate(LaunchDarkly.Client.Configuration,System.Boolean)] Unknown reference link target &#39;T:LaunchDarkly.Client.User&#39;. [C:\Users\circleci\temp\docs\Working\BuildTopics.proj]
BuildAssembler : warning : ResolveReferenceLinksComponent: [M:LaunchDarkly.Client.ConfigurationExtensions.WithEventProcessorFactory(LaunchDarkly.Client.Configuration,LaunchDarkly.Client.IEventProcessorFactory)] Unknown reference link target &#39;T:LaunchDarkly.Client.IEventProcessor&#39;. [C:\Users\circleci\temp\docs\Working\BuildTopics.proj]
BuildAssembler : warning : ShowMissingComponent: [M:LaunchDarkly.Client.ConfigurationExtensions.WithFeatureStore(LaunchDarkly.Client.Configuration,LaunchDarkly.Client.IFeatureStore)] Missing &lt;returns&gt; documentation [C:\Users\circleci\temp\docs\Working\BuildTopics.proj]
BuildAssembler : warning : ShowMissingComponent: [M:LaunchDarkly.Client.ConfigurationExtensions.WithFeatureStore(LaunchDarkly.Client.Configuration,LaunchDarkly.Client.IFeatureStore)] Missing &lt;param name=&quot;configuration&quot;/&gt; documentation [C:\Users\circleci\temp\docs\Working\BuildTopics.proj]
BuildAssembler : warning : ShowMissingComponent: [M:LaunchDarkly.Client.ConfigurationExtensions.WithFeatureStore(LaunchDarkly.Client.Configuration,LaunchDarkly.Client.IFeatureStore)] Missing &lt;param name=&quot;featureStore&quot;/&gt; documentation [C:\Users\circleci\temp\docs\Working\BuildTopics.proj]
BuildAssembler : warning : ResolveReferenceLinksComponent: [M:LaunchDarkly.Client.ConfigurationExtensions.WithPrivateAttributeName(LaunchDarkly.Client.Configuration,System.String)] Unknown reference link target &#39;T:LaunchDarkly.Client.User&#39;. [C:\Users\circleci\temp\docs\Working\BuildTopics.proj]
BuildAssembler : warning : ShowMissingComponent: [M:LaunchDarkly.Client.FeatureFlagsState.Equals(System.Object)] Missing &lt;summary&gt; documentation [C:\Users\circleci\temp\docs\Working\BuildTopics.proj]
BuildAssembler : warning : ShowMissingComponent: [M:LaunchDarkly.Client.FeatureFlagsState.Equals(System.Object)] Missing &lt;returns&gt; documentation [C:\Users\circleci\temp\docs\Working\BuildTopics.proj]
BuildAssembler : warning : ShowMissingComponent: [M:LaunchDarkly.Client.FeatureFlagsState.Equals(System.Object)] Missing &lt;param name=&quot;other&quot;/&gt; documentation [C:\Users\circleci\temp\docs\Working\BuildTopics.proj]
BuildAssembler : warning : ResolveReferenceLinksComponent: [M:LaunchDarkly.Client.FeatureFlagsState.GetFlagReason(System.String)] Unknown reference link target &#39;T:LaunchDarkly.Client.EvaluationReason&#39;. [C:\Users\circleci\temp\docs\Working\BuildTopics.proj]
BuildAssembler : warning : ResolveReferenceLinksComponent: [M:LaunchDarkly.Client.FeatureFlagsState.GetFlagValue(System.String)] Unknown reference link target &#39;T:Newtonsoft.Json.Linq.JToken&#39;. [C:\Users\circleci\temp\docs\Working\BuildTopics.proj]
BuildAssembler : warning : ResolveReferenceLinksComponent: [M:LaunchDarkly.Client.FeatureFlagsState.GetFlagValueJson(System.String)] Unknown reference link target &#39;T:LaunchDarkly.Client.LdValue&#39;. [C:\Users\circleci\temp\docs\Working\BuildTopics.proj]
BuildAssembler : warning : ResolveReferenceLinksComponent: [M:LaunchDarkly.Client.FeatureFlagsState.GetFlagValueJson(System.String)] Unknown reference link target &#39;P:LaunchDarkly.Client.LdValue.Null&#39;. [C:\Users\circleci\temp\docs\Working\BuildTopics.proj]
BuildAssembler : warning : ShowMissingComponent: [M:LaunchDarkly.Client.FeatureFlagsState.GetHashCode] Missing &lt;summary&gt; documentation [C:\Users\circleci\temp\docs\Working\BuildTopics.proj]
BuildAssembler : warning : ShowMissingComponent: [M:LaunchDarkly.Client.FeatureFlagsState.GetHashCode] Missing &lt;returns&gt; documentation [C:\Users\circleci\temp\docs\Working\BuildTopics.proj]
BuildAssembler : warning : ResolveReferenceLinksComponent: [M:LaunchDarkly.Client.FeatureFlagsState.ToValuesJsonMap] Unknown reference link target &#39;T:LaunchDarkly.Client.LdValue&#39;. [C:\Users\circleci\temp\docs\Working\BuildTopics.proj]
BuildAssembler : warning : ResolveReferenceLinksComponent: [M:LaunchDarkly.Client.FeatureFlagsState.ToValuesJsonMap] Unknown reference link target &#39;P:LaunchDarkly.Client.LdValue.Null&#39;. [C:\Users\circleci\temp\docs\Working\BuildTopics.proj]
BuildAssembler : warning : ResolveReferenceLinksComponent: [M:LaunchDarkly.Client.FeatureFlagsState.ToValuesMap] Unknown reference link target &#39;T:Newtonsoft.Json.Linq.JToken&#39;. [C:\Users\circleci\temp\docs\Working\BuildTopics.proj]
BuildAssembler : warning : ResolveReferenceLinksComponent: [T:LaunchDarkly.Client.IConfigurationBuilder] Unknown reference link target &#39;T:LaunchDarkly.Client.IEventProcessor&#39;. [C:\Users\circleci\temp\docs\Working\BuildTopics.proj]
BuildAssembler : warning : ResolveReferenceLinksComponent: [Methods.T:LaunchDarkly.Client.IConfigurationBuilder] Unknown reference link target &#39;T:LaunchDarkly.Client.IEventProcessor&#39;. [C:\Users\circleci\temp\docs\Working\BuildTopics.proj]
BuildAssembler : warning : ResolveReferenceLinksComponent: [M:LaunchDarkly.Client.IConfigurationBuilder.AllAttributesPrivate(System.Boolean)] Unknown reference link target &#39;T:LaunchDarkly.Client.User&#39;. [C:\Users\circleci\temp\docs\Working\BuildTopics.proj]
BuildAssembler : warning : ResolveReferenceLinksComponent: [M:LaunchDarkly.Client.IConfigurationBuilder.EventProcessorFactory(LaunchDarkly.Client.IEventProcessorFactory)] Unknown reference link target &#39;T:LaunchDarkly.Client.IEventProcessor&#39;. [C:\Users\circleci\temp\docs\Working\BuildTopics.proj]
BuildAssembler : warning : ResolveReferenceLinksComponent: [M:LaunchDarkly.Client.IConfigurationBuilder.PrivateAttribute(System.String)] Unknown reference link target &#39;T:LaunchDarkly.Client.User&#39;. [C:\Users\circleci\temp\docs\Working\BuildTopics.proj]
BuildAssembler : warning : ShowMissingComponent: [M:LaunchDarkly.Client.IConfigurationBuilder.UpdateProcessorFactory(LaunchDarkly.Client.IUpdateProcessorFactory)] Missing &lt;returns&gt; documentation [C:\Users\circleci\temp\docs\Working\BuildTopics.proj]
BuildAssembler : warning : ResolveReferenceLinksComponent: [T:LaunchDarkly.Client.IEventProcessorFactory] Unknown reference link target &#39;T:LaunchDarkly.Client.IEventProcessor&#39;. [C:\Users\circleci\temp\docs\Working\BuildTopics.proj]
BuildAssembler : warning : ResolveReferenceLinksComponent: [M:LaunchDarkly.Client.IEventProcessorFactory.CreateEventProcessor(LaunchDarkly.Client.Configuration)] Unknown reference link target &#39;T:LaunchDarkly.Client.IEventProcessor&#39;. [C:\Users\circleci\temp\docs\Working\BuildTopics.proj]
BuildAssembler : warning : ResolveReferenceLinksComponent: [T:LaunchDarkly.Client.ILdClient] Unknown reference link target &#39;P:LaunchDarkly.Common.ILdCommonClient.Version&#39;. [C:\Users\circleci\temp\docs\Working\BuildTopics.proj]
BuildAssembler : warning : ResolveReferenceLinksComponent: [T:LaunchDarkly.Client.ILdClient] Unknown reference link target &#39;T:LaunchDarkly.Common.ILdCommonClient&#39;. [C:\Users\circleci\temp\docs\Working\BuildTopics.proj]
BuildAssembler : warning : ResolveReferenceLinksComponent: [T:LaunchDarkly.Client.ILdClient] Unknown reference link target &#39;T:Newtonsoft.Json.Linq.JToken&#39;. [C:\Users\circleci\temp\docs\Working\BuildTopics.proj]
BuildAssembler : warning : ResolveReferenceLinksComponent: [T:LaunchDarkly.Client.ILdClient] Unknown reference link target &#39;M:LaunchDarkly.Common.ILdCommonClient.Flush&#39;. [C:\Users\circleci\temp\docs\Working\BuildTopics.proj]
BuildAssembler : warning : ResolveReferenceLinksComponent: [T:LaunchDarkly.Client.ILdClient] Unknown reference link target &#39;T:LaunchDarkly.Common.ILdCommonClient&#39;. [C:\Users\circleci\temp\docs\Working\BuildTopics.proj]
BuildAssembler : warning : ResolveReferenceLinksComponent: [T:LaunchDarkly.Client.ILdClient] Unknown reference link target &#39;M:LaunchDarkly.Common.ILdCommonClient.IsOffline&#39;. [C:\Users\circleci\temp\docs\Working\BuildTopics.proj]
BuildAssembler : warning : ResolveReferenceLinksComponent: [T:LaunchDarkly.Client.ILdClient] Unknown reference link target &#39;T:LaunchDarkly.Common.ILdCommonClient&#39;. [C:\Users\circleci\temp\docs\Working\BuildTopics.proj]
BuildAssembler : warning : ResolveReferenceLinksComponent: [Methods.T:LaunchDarkly.Client.ILdClient] Unknown reference link target &#39;T:Newtonsoft.Json.Linq.JToken&#39;. [C:\Users\circleci\temp\docs\Working\BuildTopics.proj]
BuildAssembler : warning : ResolveReferenceLinksComponent: [Methods.T:LaunchDarkly.Client.ILdClient] Unknown reference link target &#39;M:LaunchDarkly.Common.ILdCommonClient.Flush&#39;. [C:\Users\circleci\temp\docs\Working\BuildTopics.proj]
BuildAssembler : warning : ResolveReferenceLinksComponent: [Methods.T:LaunchDarkly.Client.ILdClient] Unknown reference link target &#39;T:LaunchDarkly.Common.ILdCommonClient&#39;. [C:\Users\circleci\temp\docs\Working\BuildTopics.proj]
BuildAssembler : warning : ResolveReferenceLinksComponent: [Methods.T:LaunchDarkly.Client.ILdClient] Unknown reference link target &#39;M:LaunchDarkly.Common.ILdCommonClient.IsOffline&#39;. [C:\Users\circleci\temp\docs\Working\BuildTopics.proj]
BuildAssembler : warning : ResolveReferenceLinksComponent: [Methods.T:LaunchDarkly.Client.ILdClient] Unknown reference link target &#39;T:LaunchDarkly.Common.ILdCommonClient&#39;. [C:\Users\circleci\temp\docs\Working\BuildTopics.proj]
BuildAssembler : warning : ResolveReferenceLinksComponent: [Properties.T:LaunchDarkly.Client.ILdClient] Unknown reference link target &#39;P:LaunchDarkly.Common.ILdCommonClient.Version&#39;. [C:\Users\circleci\temp\docs\Working\BuildTopics.proj]
BuildAssembler : warning : ResolveReferenceLinksComponent: [Properties.T:LaunchDarkly.Client.ILdClient] Unknown reference link target &#39;T:LaunchDarkly.Common.ILdCommonClient&#39;. [C:\Users\circleci\temp\docs\Working\BuildTopics.proj]
BuildAssembler : warning : ResolveReferenceLinksComponent: [M:LaunchDarkly.Client.ILdClient.AllFlags(LaunchDarkly.Client.User)] Unknown reference link target &#39;T:Newtonsoft.Json.Linq.JToken&#39;. [C:\Users\circleci\temp\docs\Working\BuildTopics.proj]
BuildAssembler : warning : ResolveReferenceLinksComponent: [M:LaunchDarkly.Client.ILdClient.AllFlags(LaunchDarkly.Client.User)] Unknown reference link target &#39;T:LaunchDarkly.Client.User&#39;. [C:\Users\circleci\temp\docs\Working\BuildTopics.proj]
BuildAssembler : warning : ResolveReferenceLinksComponent: [M:LaunchDarkly.Client.ILdClient.AllFlags(LaunchDarkly.Client.User)] Unknown reference link target &#39;T:Newtonsoft.Json.Linq.JToken&#39;. [C:\Users\circleci\temp\docs\Working\BuildTopics.proj]
BuildAssembler : warning : ResolveReferenceLinksComponent: [M:LaunchDarkly.Client.ILdClient.AllFlagsState(LaunchDarkly.Client.User,LaunchDarkly.Client.FlagsStateOption[])] Unknown reference link target &#39;T:LaunchDarkly.Client.User&#39;. [C:\Users\circleci\temp\docs\Working\BuildTopics.proj]
BuildAssembler : warning : ResolveReferenceLinksComponent: [M:LaunchDarkly.Client.ILdClient.BoolVariation(System.String,LaunchDarkly.Client.User,System.Boolean)] Unknown reference link target &#39;T:LaunchDarkly.Client.User&#39;. [C:\Users\circleci\temp\docs\Working\BuildTopics.proj]
BuildAssembler : warning : ResolveReferenceLinksComponent: [M:LaunchDarkly.Client.ILdClient.BoolVariationDetail(System.String,LaunchDarkly.Client.User,System.Boolean)] Unknown reference link target &#39;T:LaunchDarkly.Client.User&#39;. [C:\Users\circleci\temp\docs\Working\BuildTopics.proj]
BuildAssembler : warning : ResolveReferenceLinksComponent: [M:LaunchDarkly.Client.ILdClient.BoolVariationDetail(System.String,LaunchDarkly.Client.User,System.Boolean)] Unknown reference link target &#39;T:LaunchDarkly.Client.EvaluationDetail`1&#39;. [C:\Users\circleci\temp\docs\Working\BuildTopics.proj]
BuildAssembler : warning : ResolveReferenceLinksComponent: [M:LaunchDarkly.Client.ILdClient.BoolVariationDetail(System.String,LaunchDarkly.Client.User,System.Boolean)] Unknown reference link target &#39;T:LaunchDarkly.Client.EvaluationDetail`1&#39;. [C:\Users\circleci\temp\docs\Working\BuildTopics.proj]
BuildAssembler : warning : ResolveReferenceLinksComponent: [M:LaunchDarkly.Client.ILdClient.BoolVariationDetail(System.String,LaunchDarkly.Client.User,System.Boolean)] Unknown reference link target &#39;P:LaunchDarkly.Client.EvaluationDetail`1.Reason&#39;. [C:\Users\circleci\temp\docs\Working\BuildTopics.proj]
BuildAssembler : warning : ResolveReferenceLinksComponent: [M:LaunchDarkly.Client.ILdClient.FloatVariation(System.String,LaunchDarkly.Client.User,System.Single)] Unknown reference link target &#39;T:LaunchDarkly.Client.User&#39;. [C:\Users\circleci\temp\docs\Working\BuildTopics.proj]
BuildAssembler : warning : ResolveReferenceLinksComponent: [M:LaunchDarkly.Client.ILdClient.FloatVariationDetail(System.String,LaunchDarkly.Client.User,System.Single)] Unknown reference link target &#39;T:LaunchDarkly.Client.User&#39;. [C:\Users\circleci\temp\docs\Working\BuildTopics.proj]
BuildAssembler : warning : ResolveReferenceLinksComponent: [M:LaunchDarkly.Client.ILdClient.FloatVariationDetail(System.String,LaunchDarkly.Client.User,System.Single)] Unknown reference link target &#39;T:LaunchDarkly.Client.EvaluationDetail`1&#39;. [C:\Users\circleci\temp\docs\Working\BuildTopics.proj]
BuildAssembler : warning : ResolveReferenceLinksComponent: [M:LaunchDarkly.Client.ILdClient.FloatVariationDetail(System.String,LaunchDarkly.Client.User,System.Single)] Unknown reference link target &#39;T:LaunchDarkly.Client.EvaluationDetail`1&#39;. [C:\Users\circleci\temp\docs\Working\BuildTopics.proj]
BuildAssembler : warning : ResolveReferenceLinksComponent: [M:LaunchDarkly.Client.ILdClient.FloatVariationDetail(System.String,LaunchDarkly.Client.User,System.Single)] Unknown reference link target &#39;P:LaunchDarkly.Client.EvaluationDetail`1.Reason&#39;. [C:\Users\circleci\temp\docs\Working\BuildTopics.proj]
BuildAssembler : warning : ResolveReferenceLinksComponent: [M:LaunchDarkly.Client.ILdClient.Identify(LaunchDarkly.Client.User)] Unknown reference link target &#39;T:LaunchDarkly.Client.User&#39;. [C:\Users\circleci\temp\docs\Working\BuildTopics.proj]
BuildAssembler : warning : ResolveReferenceLinksComponent: [M:LaunchDarkly.Client.ILdClient.IntVariation(System.String,LaunchDarkly.Client.User,System.Int32)] Unknown reference link target &#39;T:LaunchDarkly.Client.User&#39;. [C:\Users\circleci\temp\docs\Working\BuildTopics.proj]
BuildAssembler : warning : ResolveReferenceLinksComponent: [M:LaunchDarkly.Client.ILdClient.IntVariationDetail(System.String,LaunchDarkly.Client.User,System.Int32)] Unknown reference link target &#39;T:LaunchDarkly.Client.User&#39;. [C:\Users\circleci\temp\docs\Working\BuildTopics.proj]
BuildAssembler : warning : ResolveReferenceLinksComponent: [M:LaunchDarkly.Client.ILdClient.IntVariationDetail(System.String,LaunchDarkly.Client.User,System.Int32)] Unknown reference link target &#39;T:LaunchDarkly.Client.EvaluationDetail`1&#39;. [C:\Users\circleci\temp\docs\Working\BuildTopics.proj]
BuildAssembler : warning : ResolveReferenceLinksComponent: [M:LaunchDarkly.Client.ILdClient.IntVariationDetail(System.String,LaunchDarkly.Client.User,System.Int32)] Unknown reference link target &#39;T:LaunchDarkly.Client.EvaluationDetail`1&#39;. [C:\Users\circleci\temp\docs\Working\BuildTopics.proj]
BuildAssembler : warning : ResolveReferenceLinksComponent: [M:LaunchDarkly.Client.ILdClient.IntVariationDetail(System.String,LaunchDarkly.Client.User,System.Int32)] Unknown reference link target &#39;P:LaunchDarkly.Client.EvaluationDetail`1.Reason&#39;. [C:\Users\circleci\temp\docs\Working\BuildTopics.proj]
BuildAssembler : warning : ResolveReferenceLinksComponent: [M:LaunchDarkly.Client.ILdClient.JsonVariation(System.String,LaunchDarkly.Client.User,LaunchDarkly.Client.LdValue)] Unknown reference link target &#39;T:LaunchDarkly.Client.User&#39;. [C:\Users\circleci\temp\docs\Working\BuildTopics.proj]
BuildAssembler : warning : ResolveReferenceLinksComponent: [M:LaunchDarkly.Client.ILdClient.JsonVariation(System.String,LaunchDarkly.Client.User,LaunchDarkly.Client.LdValue)] Unknown reference link target &#39;T:LaunchDarkly.Client.LdValue&#39;. [C:\Users\circleci\temp\docs\Working\BuildTopics.proj]
BuildAssembler : warning : ResolveReferenceLinksComponent: [M:LaunchDarkly.Client.ILdClient.JsonVariation(System.String,LaunchDarkly.Client.User,LaunchDarkly.Client.LdValue)] Unknown reference link target &#39;T:LaunchDarkly.Client.LdValue&#39;. [C:\Users\circleci\temp\docs\Working\BuildTopics.proj]
BuildAssembler : warning : ResolveReferenceLinksComponent: [M:LaunchDarkly.Client.ILdClient.JsonVariation(System.String,LaunchDarkly.Client.User,LaunchDarkly.Client.LdValue)] Unknown reference link target &#39;T:LaunchDarkly.Client.LdValue&#39;. [C:\Users\circleci\temp\docs\Working\BuildTopics.proj]
BuildAssembler : warning : ResolveReferenceLinksComponent: [M:LaunchDarkly.Client.ILdClient.JsonVariation(System.String,LaunchDarkly.Client.User,LaunchDarkly.Client.LdValue)] Unknown reference link target &#39;T:LaunchDarkly.Client.LdValue&#39;. [C:\Users\circleci\temp\docs\Working\BuildTopics.proj]
BuildAssembler : warning : ResolveReferenceLinksComponent: [M:LaunchDarkly.Client.ILdClient.JsonVariation(System.String,LaunchDarkly.Client.User,Newtonsoft.Json.Linq.JToken)] Unknown reference link target &#39;T:LaunchDarkly.Client.User&#39;. [C:\Users\circleci\temp\docs\Working\BuildTopics.proj]
BuildAssembler : warning : ResolveReferenceLinksComponent: [M:LaunchDarkly.Client.ILdClient.JsonVariation(System.String,LaunchDarkly.Client.User,Newtonsoft.Json.Linq.JToken)] Unknown reference link target &#39;T:Newtonsoft.Json.Linq.JToken&#39;. [C:\Users\circleci\temp\docs\Working\BuildTopics.proj]
BuildAssembler : warning : ResolveReferenceLinksComponent: [M:LaunchDarkly.Client.ILdClient.JsonVariation(System.String,LaunchDarkly.Client.User,Newtonsoft.Json.Linq.JToken)] Unknown reference link target &#39;T:Newtonsoft.Json.Linq.JToken&#39;. [C:\Users\circleci\temp\docs\Working\BuildTopics.proj]
BuildAssembler : warning : ResolveReferenceLinksComponent: [M:LaunchDarkly.Client.ILdClient.JsonVariation(System.String,LaunchDarkly.Client.User,Newtonsoft.Json.Linq.JToken)] Unknown reference link target &#39;T:Newtonsoft.Json.Linq.JToken&#39;. [C:\Users\circleci\temp\docs\Working\BuildTopics.proj]
BuildAssembler : warning : ResolveReferenceLinksComponent: [M:LaunchDarkly.Client.ILdClient.JsonVariation(System.String,LaunchDarkly.Client.User,Newtonsoft.Json.Linq.JToken)] Unknown reference link target &#39;T:Newtonsoft.Json.Linq.JToken&#39;. [C:\Users\circleci\temp\docs\Working\BuildTopics.proj]
BuildAssembler : warning : ResolveReferenceLinksComponent: [M:LaunchDarkly.Client.ILdClient.JsonVariation(System.String,LaunchDarkly.Client.User,Newtonsoft.Json.Linq.JToken)] Unknown reference link target &#39;T:Newtonsoft.Json.Linq.JToken&#39;. [C:\Users\circleci\temp\docs\Working\BuildTopics.proj]
BuildAssembler : warning : ResolveReferenceLinksComponent: [M:LaunchDarkly.Client.ILdClient.JsonVariation(System.String,LaunchDarkly.Client.User,Newtonsoft.Json.Linq.JToken)] Unknown reference link target &#39;T:LaunchDarkly.Client.LdValue&#39;. [C:\Users\circleci\temp\docs\Working\BuildTopics.proj]
BuildAssembler : warning : ResolveReferenceLinksComponent: [M:LaunchDarkly.Client.ILdClient.JsonVariation(System.String,LaunchDarkly.Client.User,Newtonsoft.Json.Linq.JToken)] Unknown reference link target &#39;T:Newtonsoft.Json.Linq.JToken&#39;. [C:\Users\circleci\temp\docs\Working\BuildTopics.proj]
BuildAssembler : warning : ResolveReferenceLinksComponent: [M:LaunchDarkly.Client.ILdClient.JsonVariationDetail(System.String,LaunchDarkly.Client.User,LaunchDarkly.Client.LdValue)] Unknown reference link target &#39;T:LaunchDarkly.Client.User&#39;. [C:\Users\circleci\temp\docs\Working\BuildTopics.proj]
BuildAssembler : warning : ResolveReferenceLinksComponent: [M:LaunchDarkly.Client.ILdClient.JsonVariationDetail(System.String,LaunchDarkly.Client.User,LaunchDarkly.Client.LdValue)] Unknown reference link target &#39;T:LaunchDarkly.Client.LdValue&#39;. [C:\Users\circleci\temp\docs\Working\BuildTopics.proj]
BuildAssembler : warning : ResolveReferenceLinksComponent: [M:LaunchDarkly.Client.ILdClient.JsonVariationDetail(System.String,LaunchDarkly.Client.User,LaunchDarkly.Client.LdValue)] Unknown reference link target &#39;T:LaunchDarkly.Client.EvaluationDetail`1&#39;. [C:\Users\circleci\temp\docs\Working\BuildTopics.proj]
BuildAssembler : warning : ResolveReferenceLinksComponent: [M:LaunchDarkly.Client.ILdClient.JsonVariationDetail(System.String,LaunchDarkly.Client.User,LaunchDarkly.Client.LdValue)] Unknown reference link target &#39;T:LaunchDarkly.Client.LdValue&#39;. [C:\Users\circleci\temp\docs\Working\BuildTopics.proj]
BuildAssembler : warning : ResolveReferenceLinksComponent: [M:LaunchDarkly.Client.ILdClient.JsonVariationDetail(System.String,LaunchDarkly.Client.User,LaunchDarkly.Client.LdValue)] Unknown reference link target &#39;T:LaunchDarkly.Client.EvaluationDetail`1&#39;. [C:\Users\circleci\temp\docs\Working\BuildTopics.proj]
BuildAssembler : warning : ResolveReferenceLinksComponent: [M:LaunchDarkly.Client.ILdClient.JsonVariationDetail(System.String,LaunchDarkly.Client.User,LaunchDarkly.Client.LdValue)] Unknown reference link target &#39;P:LaunchDarkly.Client.EvaluationDetail`1.Reason&#39;. [C:\Users\circleci\temp\docs\Working\BuildTopics.proj]
BuildAssembler : warning : ResolveReferenceLinksComponent: [M:LaunchDarkly.Client.ILdClient.JsonVariationDetail(System.String,LaunchDarkly.Client.User,Newtonsoft.Json.Linq.JToken)] Unknown reference link target &#39;T:LaunchDarkly.Client.User&#39;. [C:\Users\circleci\temp\docs\Working\BuildTopics.proj]
BuildAssembler : warning : ResolveReferenceLinksComponent: [M:LaunchDarkly.Client.ILdClient.JsonVariationDetail(System.String,LaunchDarkly.Client.User,Newtonsoft.Json.Linq.JToken)] Unknown reference link target &#39;T:Newtonsoft.Json.Linq.JToken&#39;. [C:\Users\circleci\temp\docs\Working\BuildTopics.proj]
BuildAssembler : warning : ResolveReferenceLinksComponent: [M:LaunchDarkly.Client.ILdClient.JsonVariationDetail(System.String,LaunchDarkly.Client.User,Newtonsoft.Json.Linq.JToken)] Unknown reference link target &#39;T:LaunchDarkly.Client.EvaluationDetail`1&#39;. [C:\Users\circleci\temp\docs\Working\BuildTopics.proj]
BuildAssembler : warning : ResolveReferenceLinksComponent: [M:LaunchDarkly.Client.ILdClient.JsonVariationDetail(System.String,LaunchDarkly.Client.User,Newtonsoft.Json.Linq.JToken)] Unknown reference link target &#39;T:Newtonsoft.Json.Linq.JToken&#39;. [C:\Users\circleci\temp\docs\Working\BuildTopics.proj]
BuildAssembler : warning : ResolveReferenceLinksComponent: [M:LaunchDarkly.Client.ILdClient.JsonVariationDetail(System.String,LaunchDarkly.Client.User,Newtonsoft.Json.Linq.JToken)] Unknown reference link target &#39;T:LaunchDarkly.Client.EvaluationDetail`1&#39;. [C:\Users\circleci\temp\docs\Working\BuildTopics.proj]
BuildAssembler : warning : ResolveReferenceLinksComponent: [M:LaunchDarkly.Client.ILdClient.JsonVariationDetail(System.String,LaunchDarkly.Client.User,Newtonsoft.Json.Linq.JToken)] Unknown reference link target &#39;T:Newtonsoft.Json.Linq.JToken&#39;. [C:\Users\circleci\temp\docs\Working\BuildTopics.proj]
BuildAssembler : warning : ResolveReferenceLinksComponent: [M:LaunchDarkly.Client.ILdClient.JsonVariationDetail(System.String,LaunchDarkly.Client.User,Newtonsoft.Json.Linq.JToken)] Unknown reference link target &#39;T:Newtonsoft.Json.Linq.JToken&#39;. [C:\Users\circleci\temp\docs\Working\BuildTopics.proj]
BuildAssembler : warning : ResolveReferenceLinksComponent: [M:LaunchDarkly.Client.ILdClient.JsonVariationDetail(System.String,LaunchDarkly.Client.User,Newtonsoft.Json.Linq.JToken)] Unknown reference link target &#39;T:Newtonsoft.Json.Linq.JToken&#39;. [C:\Users\circleci\temp\docs\Working\BuildTopics.proj]
BuildAssembler : warning : ResolveReferenceLinksComponent: [M:LaunchDarkly.Client.ILdClient.JsonVariationDetail(System.String,LaunchDarkly.Client.User,Newtonsoft.Json.Linq.JToken)] Unknown reference link target &#39;T:LaunchDarkly.Client.LdValue&#39;. [C:\Users\circleci\temp\docs\Working\BuildTopics.proj]
BuildAssembler : warning : ResolveReferenceLinksComponent: [M:LaunchDarkly.Client.ILdClient.JsonVariationDetail(System.String,LaunchDarkly.Client.User,Newtonsoft.Json.Linq.JToken)] Unknown reference link target &#39;T:Newtonsoft.Json.Linq.JToken&#39;. [C:\Users\circleci\temp\docs\Working\BuildTopics.proj]
BuildAssembler : warning : ResolveReferenceLinksComponent: [M:LaunchDarkly.Client.ILdClient.JsonVariationDetail(System.String,LaunchDarkly.Client.User,Newtonsoft.Json.Linq.JToken)] Unknown reference link target &#39;P:LaunchDarkly.Client.EvaluationDetail`1.Reason&#39;. [C:\Users\circleci\temp\docs\Working\BuildTopics.proj]
BuildAssembler : warning : ResolveReferenceLinksComponent: [M:LaunchDarkly.Client.ILdClient.SecureModeHash(LaunchDarkly.Client.User)] Unknown reference link target &#39;T:LaunchDarkly.Client.User&#39;. [C:\Users\circleci\temp\docs\Working\BuildTopics.proj]
BuildAssembler : warning : ResolveReferenceLinksComponent: [M:LaunchDarkly.Client.ILdClient.StringVariation(System.String,LaunchDarkly.Client.User,System.String)] Unknown reference link target &#39;T:LaunchDarkly.Client.User&#39;. [C:\Users\circleci\temp\docs\Working\BuildTopics.proj]
BuildAssembler : warning : ResolveReferenceLinksComponent: [M:LaunchDarkly.Client.ILdClient.StringVariationDetail(System.String,LaunchDarkly.Client.User,System.String)] Unknown reference link target &#39;T:LaunchDarkly.Client.User&#39;. [C:\Users\circleci\temp\docs\Working\BuildTopics.proj]
BuildAssembler : warning : ResolveReferenceLinksComponent: [M:LaunchDarkly.Client.ILdClient.StringVariationDetail(System.String,LaunchDarkly.Client.User,System.String)] Unknown reference link target &#39;T:LaunchDarkly.Client.EvaluationDetail`1&#39;. [C:\Users\circleci\temp\docs\Working\BuildTopics.proj]
BuildAssembler : warning : ResolveReferenceLinksComponent: [M:LaunchDarkly.Client.ILdClient.StringVariationDetail(System.String,LaunchDarkly.Client.User,System.String)] Unknown reference link target &#39;T:LaunchDarkly.Client.EvaluationDetail`1&#39;. [C:\Users\circleci\temp\docs\Working\BuildTopics.proj]
BuildAssembler : warning : ResolveReferenceLinksComponent: [M:LaunchDarkly.Client.ILdClient.StringVariationDetail(System.String,LaunchDarkly.Client.User,System.String)] Unknown reference link target &#39;P:LaunchDarkly.Client.EvaluationDetail`1.Reason&#39;. [C:\Users\circleci\temp\docs\Working\BuildTopics.proj]
BuildAssembler : warning : ResolveReferenceLinksComponent: [M:LaunchDarkly.Client.ILdClient.Track(System.String,LaunchDarkly.Client.User)] Unknown reference link target &#39;T:LaunchDarkly.Client.User&#39;. [C:\Users\circleci\temp\docs\Working\BuildTopics.proj]
BuildAssembler : warning : ResolveReferenceLinksComponent: [M:LaunchDarkly.Client.ILdClient.Track(System.String,LaunchDarkly.Client.User,LaunchDarkly.Client.LdValue)] Unknown reference link target &#39;T:LaunchDarkly.Client.User&#39;. [C:\Users\circleci\temp\docs\Working\BuildTopics.proj]
BuildAssembler : warning : ResolveReferenceLinksComponent: [M:LaunchDarkly.Client.ILdClient.Track(System.String,LaunchDarkly.Client.User,LaunchDarkly.Client.LdValue)] Unknown reference link target &#39;T:LaunchDarkly.Client.LdValue&#39;. [C:\Users\circleci\temp\docs\Working\BuildTopics.proj]
BuildAssembler : warning : ResolveReferenceLinksComponent: [M:LaunchDarkly.Client.ILdClient.Track(System.String,LaunchDarkly.Client.User,LaunchDarkly.Client.LdValue)] Unknown reference link target &#39;P:LaunchDarkly.Client.LdValue.Null&#39;. [C:\Users\circleci\temp\docs\Working\BuildTopics.proj]
BuildAssembler : warning : ResolveReferenceLinksComponent: [M:LaunchDarkly.Client.ILdClient.Track(System.String,LaunchDarkly.Client.User,LaunchDarkly.Client.LdValue,System.Double)] Unknown reference link target &#39;T:LaunchDarkly.Client.User&#39;. [C:\Users\circleci\temp\docs\Working\BuildTopics.proj]
BuildAssembler : warning : ResolveReferenceLinksComponent: [M:LaunchDarkly.Client.ILdClient.Track(System.String,LaunchDarkly.Client.User,LaunchDarkly.Client.LdValue,System.Double)] Unknown reference link target &#39;T:LaunchDarkly.Client.LdValue&#39;. [C:\Users\circleci\temp\docs\Working\BuildTopics.proj]
BuildAssembler : warning : ResolveReferenceLinksComponent: [M:LaunchDarkly.Client.ILdClient.Track(System.String,LaunchDarkly.Client.User,System.String)] Unknown reference link target &#39;T:LaunchDarkly.Client.User&#39;. [C:\Users\circleci\temp\docs\Working\BuildTopics.proj]
BuildAssembler : warning : ResolveReferenceLinksComponent: [M:LaunchDarkly.Client.ILdClient.Track(System.String,Newtonsoft.Json.Linq.JToken,LaunchDarkly.Client.User)] Unknown reference link target &#39;T:Newtonsoft.Json.Linq.JToken&#39;. [C:\Users\circleci\temp\docs\Working\BuildTopics.proj]
BuildAssembler : warning : ResolveReferenceLinksComponent: [M:LaunchDarkly.Client.ILdClient.Track(System.String,Newtonsoft.Json.Linq.JToken,LaunchDarkly.Client.User)] Unknown reference link target &#39;T:LaunchDarkly.Client.User&#39;. [C:\Users\circleci\temp\docs\Working\BuildTopics.proj]
BuildAssembler : warning : ResolveReferenceLinksComponent: [M:LaunchDarkly.Client.ILdClientExtensions.EnumVariation``1(LaunchDarkly.Client.ILdClient,System.String,LaunchDarkly.Client.User,``0)] Unknown reference link target &#39;T:LaunchDarkly.Client.User&#39;. [C:\Users\circleci\temp\docs\Working\BuildTopics.proj]
BuildAssembler : warning : ResolveReferenceLinksComponent: [M:LaunchDarkly.Client.ILdClientExtensions.EnumVariationDetail``1(LaunchDarkly.Client.ILdClient,System.String,LaunchDarkly.Client.User,``0)] Unknown reference link target &#39;T:LaunchDarkly.Client.User&#39;. [C:\Users\circleci\temp\docs\Working\BuildTopics.proj]
BuildAssembler : warning : ResolveReferenceLinksComponent: [M:LaunchDarkly.Client.ILdClientExtensions.EnumVariationDetail``1(LaunchDarkly.Client.ILdClient,System.String,LaunchDarkly.Client.User,``0)] Unknown reference link target &#39;T:LaunchDarkly.Client.EvaluationDetail`1&#39;. [C:\Users\circleci\temp\docs\Working\BuildTopics.proj]
BuildAssembler : warning : ResolveReferenceLinksComponent: [M:LaunchDarkly.Client.ILdClientExtensions.EnumVariationDetail``1(LaunchDarkly.Client.ILdClient,System.String,LaunchDarkly.Client.User,``0)] Unknown reference link target &#39;T:LaunchDarkly.Client.EvaluationDetail`1&#39;. [C:\Users\circleci\temp\docs\Working\BuildTopics.proj]
BuildAssembler : warning : ShowMissingComponent: [M:LaunchDarkly.Client.InMemoryFeatureStore.Init(System.Collections.Generic.IDictionary{LaunchDarkly.Client.IVersionedDataKind,System.Collections.Generic.IDictionary{System.String,LaunchDarkly.Client.IVersionedData}})] Missing &lt;param name=&quot;items&quot;/&gt; documentation [C:\Users\circleci\temp\docs\Working\BuildTopics.proj]
BuildAssembler : warning : ResolveReferenceLinksComponent: [T:LaunchDarkly.Client.LdClient] Unknown reference link target &#39;T:Newtonsoft.Json.Linq.JToken&#39;. [C:\Users\circleci\temp\docs\Working\BuildTopics.proj]
BuildAssembler : warning : ResolveReferenceLinksComponent: [Methods.T:LaunchDarkly.Client.LdClient] Unknown reference link target &#39;T:Newtonsoft.Json.Linq.JToken&#39;. [C:\Users\circleci\temp\docs\Working\BuildTopics.proj]
BuildAssembler : warning : ResolveReferenceLinksComponent: [M:LaunchDarkly.Client.LdClient.#ctor(LaunchDarkly.Client.Configuration,LaunchDarkly.Client.IEventProcessor)] Unknown reference link target &#39;T:LaunchDarkly.Client.IEventProcessor&#39;. [C:\Users\circleci\temp\docs\Working\BuildTopics.proj]
BuildAssembler : warning : ResolveReferenceLinksComponent: [M:LaunchDarkly.Client.LdClient.AllFlags(LaunchDarkly.Client.User)] Unknown reference link target &#39;T:Newtonsoft.Json.Linq.JToken&#39;. [C:\Users\circleci\temp\docs\Working\BuildTopics.proj]
BuildAssembler : warning : ResolveReferenceLinksComponent: [M:LaunchDarkly.Client.LdClient.AllFlags(LaunchDarkly.Client.User)] Unknown reference link target &#39;T:LaunchDarkly.Client.User&#39;. [C:\Users\circleci\temp\docs\Working\BuildTopics.proj]
BuildAssembler : warning : ResolveReferenceLinksComponent: [M:LaunchDarkly.Client.LdClient.AllFlags(LaunchDarkly.Client.User)] Unknown reference link target &#39;T:Newtonsoft.Json.Linq.JToken&#39;. [C:\Users\circleci\temp\docs\Working\BuildTopics.proj]
BuildAssembler : warning : ResolveReferenceLinksComponent: [M:LaunchDarkly.Client.LdClient.AllFlagsState(LaunchDarkly.Client.User,LaunchDarkly.Client.FlagsStateOption[])] Unknown reference link target &#39;T:LaunchDarkly.Client.User&#39;. [C:\Users\circleci\temp\docs\Working\BuildTopics.proj]
BuildAssembler : warning : ResolveReferenceLinksComponent: [M:LaunchDarkly.Client.LdClient.BoolVariation(System.String,LaunchDarkly.Client.User,System.Boolean)] Unknown reference link target &#39;T:LaunchDarkly.Client.User&#39;. [C:\Users\circleci\temp\docs\Working\BuildTopics.proj]
BuildAssembler : warning : ResolveReferenceLinksComponent: [M:LaunchDarkly.Client.LdClient.BoolVariationDetail(System.String,LaunchDarkly.Client.User,System.Boolean)] Unknown reference link target &#39;T:LaunchDarkly.Client.User&#39;. [C:\Users\circleci\temp\docs\Working\BuildTopics.proj]
BuildAssembler : warning : ResolveReferenceLinksComponent: [M:LaunchDarkly.Client.LdClient.BoolVariationDetail(System.String,LaunchDarkly.Client.User,System.Boolean)] Unknown reference link target &#39;T:LaunchDarkly.Client.EvaluationDetail`1&#39;. [C:\Users\circleci\temp\docs\Working\BuildTopics.proj]
BuildAssembler : warning : ResolveReferenceLinksComponent: [M:LaunchDarkly.Client.LdClient.BoolVariationDetail(System.String,LaunchDarkly.Client.User,System.Boolean)] Unknown reference link target &#39;T:LaunchDarkly.Client.EvaluationDetail`1&#39;. [C:\Users\circleci\temp\docs\Working\BuildTopics.proj]
BuildAssembler : warning : ResolveReferenceLinksComponent: [M:LaunchDarkly.Client.LdClient.BoolVariationDetail(System.String,LaunchDarkly.Client.User,System.Boolean)] Unknown reference link target &#39;P:LaunchDarkly.Client.EvaluationDetail`1.Reason&#39;. [C:\Users\circleci\temp\docs\Working\BuildTopics.proj]
BuildAssembler : warning : ResolveReferenceLinksComponent: [M:LaunchDarkly.Client.LdClient.Dispose] Unknown reference link target &#39;T:LaunchDarkly.Client.IEventProcessor&#39;. [C:\Users\circleci\temp\docs\Working\BuildTopics.proj]
BuildAssembler : warning : ResolveReferenceLinksComponent: [M:LaunchDarkly.Client.LdClient.FloatVariation(System.String,LaunchDarkly.Client.User,System.Single)] Unknown reference link target &#39;T:LaunchDarkly.Client.User&#39;. [C:\Users\circleci\temp\docs\Working\BuildTopics.proj]
BuildAssembler : warning : ResolveReferenceLinksComponent: [M:LaunchDarkly.Client.LdClient.FloatVariationDetail(System.String,LaunchDarkly.Client.User,System.Single)] Unknown reference link target &#39;T:LaunchDarkly.Client.User&#39;. [C:\Users\circleci\temp\docs\Working\BuildTopics.proj]
BuildAssembler : warning : ResolveReferenceLinksComponent: [M:LaunchDarkly.Client.LdClient.FloatVariationDetail(System.String,LaunchDarkly.Client.User,System.Single)] Unknown reference link target &#39;T:LaunchDarkly.Client.EvaluationDetail`1&#39;. [C:\Users\circleci\temp\docs\Working\BuildTopics.proj]
BuildAssembler : warning : ResolveReferenceLinksComponent: [M:LaunchDarkly.Client.LdClient.FloatVariationDetail(System.String,LaunchDarkly.Client.User,System.Single)] Unknown reference link target &#39;T:LaunchDarkly.Client.EvaluationDetail`1&#39;. [C:\Users\circleci\temp\docs\Working\BuildTopics.proj]
BuildAssembler : warning : ResolveReferenceLinksComponent: [M:LaunchDarkly.Client.LdClient.FloatVariationDetail(System.String,LaunchDarkly.Client.User,System.Single)] Unknown reference link target &#39;P:LaunchDarkly.Client.EvaluationDetail`1.Reason&#39;. [C:\Users\circleci\temp\docs\Working\BuildTopics.proj]
BuildAssembler : warning : ShowMissingComponent: [M:LaunchDarkly.Client.LdClient.Flush] Missing &lt;summary&gt; documentation [C:\Users\circleci\temp\docs\Working\BuildTopics.proj]
BuildAssembler : warning : ResolveReferenceLinksComponent: [M:LaunchDarkly.Client.LdClient.Flush] Unknown reference link target &#39;M:LaunchDarkly.Common.ILdCommonClient.Flush&#39;. [C:\Users\circleci\temp\docs\Working\BuildTopics.proj]
BuildAssembler : warning : ResolveReferenceLinksComponent: [M:LaunchDarkly.Client.LdClient.Identify(LaunchDarkly.Client.User)] Unknown reference link target &#39;T:LaunchDarkly.Client.User&#39;. [C:\Users\circleci\temp\docs\Working\BuildTopics.proj]
BuildAssembler : warning : ResolveReferenceLinksComponent: [M:LaunchDarkly.Client.LdClient.IntVariation(System.String,LaunchDarkly.Client.User,System.Int32)] Unknown reference link target &#39;T:LaunchDarkly.Client.User&#39;. [C:\Users\circleci\temp\docs\Working\BuildTopics.proj]
BuildAssembler : warning : ResolveReferenceLinksComponent: [M:LaunchDarkly.Client.LdClient.IntVariationDetail(System.String,LaunchDarkly.Client.User,System.Int32)] Unknown reference link target &#39;T:LaunchDarkly.Client.User&#39;. [C:\Users\circleci\temp\docs\Working\BuildTopics.proj]
BuildAssembler : warning : ResolveReferenceLinksComponent: [M:LaunchDarkly.Client.LdClient.IntVariationDetail(System.String,LaunchDarkly.Client.User,System.Int32)] Unknown reference link target &#39;T:LaunchDarkly.Client.EvaluationDetail`1&#39;. [C:\Users\circleci\temp\docs\Working\BuildTopics.proj]
BuildAssembler : warning : ResolveReferenceLinksComponent: [M:LaunchDarkly.Client.LdClient.IntVariationDetail(System.String,LaunchDarkly.Client.User,System.Int32)] Unknown reference link target &#39;T:LaunchDarkly.Client.EvaluationDetail`1&#39;. [C:\Users\circleci\temp\docs\Working\BuildTopics.proj]
BuildAssembler : warning : ResolveReferenceLinksComponent: [M:LaunchDarkly.Client.LdClient.IntVariationDetail(System.String,LaunchDarkly.Client.User,System.Int32)] Unknown reference link target &#39;P:LaunchDarkly.Client.EvaluationDetail`1.Reason&#39;. [C:\Users\circleci\temp\docs\Working\BuildTopics.proj]
BuildAssembler : warning : ShowMissingComponent: [M:LaunchDarkly.Client.LdClient.IsOffline] Missing &lt;summary&gt; documentation [C:\Users\circleci\temp\docs\Working\BuildTopics.proj]
BuildAssembler : warning : ShowMissingComponent: [M:LaunchDarkly.Client.LdClient.IsOffline] Missing &lt;returns&gt; documentation [C:\Users\circleci\temp\docs\Working\BuildTopics.proj]
BuildAssembler : warning : ResolveReferenceLinksComponent: [M:LaunchDarkly.Client.LdClient.IsOffline] Unknown reference link target &#39;M:LaunchDarkly.Common.ILdCommonClient.IsOffline&#39;. [C:\Users\circleci\temp\docs\Working\BuildTopics.proj]
BuildAssembler : warning : ResolveReferenceLinksComponent: [M:LaunchDarkly.Client.LdClient.JsonVariation(System.String,LaunchDarkly.Client.User,LaunchDarkly.Client.LdValue)] Unknown reference link target &#39;T:LaunchDarkly.Client.User&#39;. [C:\Users\circleci\temp\docs\Working\BuildTopics.proj]
BuildAssembler : warning : ResolveReferenceLinksComponent: [M:LaunchDarkly.Client.LdClient.JsonVariation(System.String,LaunchDarkly.Client.User,LaunchDarkly.Client.LdValue)] Unknown reference link target &#39;T:LaunchDarkly.Client.LdValue&#39;. [C:\Users\circleci\temp\docs\Working\BuildTopics.proj]
BuildAssembler : warning : ResolveReferenceLinksComponent: [M:LaunchDarkly.Client.LdClient.JsonVariation(System.String,LaunchDarkly.Client.User,LaunchDarkly.Client.LdValue)] Unknown reference link target &#39;T:LaunchDarkly.Client.LdValue&#39;. [C:\Users\circleci\temp\docs\Working\BuildTopics.proj]
BuildAssembler : warning : ResolveReferenceLinksComponent: [M:LaunchDarkly.Client.LdClient.JsonVariation(System.String,LaunchDarkly.Client.User,LaunchDarkly.Client.LdValue)] Unknown reference link target &#39;T:LaunchDarkly.Client.LdValue&#39;. [C:\Users\circleci\temp\docs\Working\BuildTopics.proj]
BuildAssembler : warning : ResolveReferenceLinksComponent: [M:LaunchDarkly.Client.LdClient.JsonVariation(System.String,LaunchDarkly.Client.User,LaunchDarkly.Client.LdValue)] Unknown reference link target &#39;T:LaunchDarkly.Client.LdValue&#39;. [C:\Users\circleci\temp\docs\Working\BuildTopics.proj]
BuildAssembler : warning : ResolveReferenceLinksComponent: [M:LaunchDarkly.Client.LdClient.JsonVariation(System.String,LaunchDarkly.Client.User,Newtonsoft.Json.Linq.JToken)] Unknown reference link target &#39;T:LaunchDarkly.Client.User&#39;. [C:\Users\circleci\temp\docs\Working\BuildTopics.proj]
BuildAssembler : warning : ResolveReferenceLinksComponent: [M:LaunchDarkly.Client.LdClient.JsonVariation(System.String,LaunchDarkly.Client.User,Newtonsoft.Json.Linq.JToken)] Unknown reference link target &#39;T:Newtonsoft.Json.Linq.JToken&#39;. [C:\Users\circleci\temp\docs\Working\BuildTopics.proj]
BuildAssembler : warning : ResolveReferenceLinksComponent: [M:LaunchDarkly.Client.LdClient.JsonVariation(System.String,LaunchDarkly.Client.User,Newtonsoft.Json.Linq.JToken)] Unknown reference link target &#39;T:Newtonsoft.Json.Linq.JToken&#39;. [C:\Users\circleci\temp\docs\Working\BuildTopics.proj]
BuildAssembler : warning : ResolveReferenceLinksComponent: [M:LaunchDarkly.Client.LdClient.JsonVariation(System.String,LaunchDarkly.Client.User,Newtonsoft.Json.Linq.JToken)] Unknown reference link target &#39;T:Newtonsoft.Json.Linq.JToken&#39;. [C:\Users\circleci\temp\docs\Working\BuildTopics.proj]
BuildAssembler : warning : ResolveReferenceLinksComponent: [M:LaunchDarkly.Client.LdClient.JsonVariation(System.String,LaunchDarkly.Client.User,Newtonsoft.Json.Linq.JToken)] Unknown reference link target &#39;T:Newtonsoft.Json.Linq.JToken&#39;. [C:\Users\circleci\temp\docs\Working\BuildTopics.proj]
BuildAssembler : warning : ResolveReferenceLinksComponent: [M:LaunchDarkly.Client.LdClient.JsonVariation(System.String,LaunchDarkly.Client.User,Newtonsoft.Json.Linq.JToken)] Unknown reference link target &#39;T:Newtonsoft.Json.Linq.JToken&#39;. [C:\Users\circleci\temp\docs\Working\BuildTopics.proj]
BuildAssembler : warning : ResolveReferenceLinksComponent: [M:LaunchDarkly.Client.LdClient.JsonVariation(System.String,LaunchDarkly.Client.User,Newtonsoft.Json.Linq.JToken)] Unknown reference link target &#39;T:LaunchDarkly.Client.LdValue&#39;. [C:\Users\circleci\temp\docs\Working\BuildTopics.proj]
BuildAssembler : warning : ResolveReferenceLinksComponent: [M:LaunchDarkly.Client.LdClient.JsonVariation(System.String,LaunchDarkly.Client.User,Newtonsoft.Json.Linq.JToken)] Unknown reference link target &#39;T:Newtonsoft.Json.Linq.JToken&#39;. [C:\Users\circleci\temp\docs\Working\BuildTopics.proj]
BuildAssembler : warning : ResolveReferenceLinksComponent: [M:LaunchDarkly.Client.LdClient.JsonVariationDetail(System.String,LaunchDarkly.Client.User,LaunchDarkly.Client.LdValue)] Unknown reference link target &#39;T:LaunchDarkly.Client.User&#39;. [C:\Users\circleci\temp\docs\Working\BuildTopics.proj]
BuildAssembler : warning : ResolveReferenceLinksComponent: [M:LaunchDarkly.Client.LdClient.JsonVariationDetail(System.String,LaunchDarkly.Client.User,LaunchDarkly.Client.LdValue)] Unknown reference link target &#39;T:LaunchDarkly.Client.LdValue&#39;. [C:\Users\circleci\temp\docs\Working\BuildTopics.proj]
BuildAssembler : warning : ResolveReferenceLinksComponent: [M:LaunchDarkly.Client.LdClient.JsonVariationDetail(System.String,LaunchDarkly.Client.User,LaunchDarkly.Client.LdValue)] Unknown reference link target &#39;T:LaunchDarkly.Client.EvaluationDetail`1&#39;. [C:\Users\circleci\temp\docs\Working\BuildTopics.proj]
BuildAssembler : warning : ResolveReferenceLinksComponent: [M:LaunchDarkly.Client.LdClient.JsonVariationDetail(System.String,LaunchDarkly.Client.User,LaunchDarkly.Client.LdValue)] Unknown reference link target &#39;T:LaunchDarkly.Client.LdValue&#39;. [C:\Users\circleci\temp\docs\Working\BuildTopics.proj]
BuildAssembler : warning : ResolveReferenceLinksComponent: [M:LaunchDarkly.Client.LdClient.JsonVariationDetail(System.String,LaunchDarkly.Client.User,LaunchDarkly.Client.LdValue)] Unknown reference link target &#39;T:LaunchDarkly.Client.EvaluationDetail`1&#39;. [C:\Users\circleci\temp\docs\Working\BuildTopics.proj]
BuildAssembler : warning : ResolveReferenceLinksComponent: [M:LaunchDarkly.Client.LdClient.JsonVariationDetail(System.String,LaunchDarkly.Client.User,LaunchDarkly.Client.LdValue)] Unknown reference link target &#39;P:LaunchDarkly.Client.EvaluationDetail`1.Reason&#39;. [C:\Users\circleci\temp\docs\Working\BuildTopics.proj]
BuildAssembler : warning : ResolveReferenceLinksComponent: [M:LaunchDarkly.Client.LdClient.JsonVariationDetail(System.String,LaunchDarkly.Client.User,Newtonsoft.Json.Linq.JToken)] Unknown reference link target &#39;T:LaunchDarkly.Client.User&#39;. [C:\Users\circleci\temp\docs\Working\BuildTopics.proj]
BuildAssembler : warning : ResolveReferenceLinksComponent: [M:LaunchDarkly.Client.LdClient.JsonVariationDetail(System.String,LaunchDarkly.Client.User,Newtonsoft.Json.Linq.JToken)] Unknown reference link target &#39;T:Newtonsoft.Json.Linq.JToken&#39;. [C:\Users\circleci\temp\docs\Working\BuildTopics.proj]
BuildAssembler : warning : ResolveReferenceLinksComponent: [M:LaunchDarkly.Client.LdClient.JsonVariationDetail(System.String,LaunchDarkly.Client.User,Newtonsoft.Json.Linq.JToken)] Unknown reference link target &#39;T:LaunchDarkly.Client.EvaluationDetail`1&#39;. [C:\Users\circleci\temp\docs\Working\BuildTopics.proj]
BuildAssembler : warning : ResolveReferenceLinksComponent: [M:LaunchDarkly.Client.LdClient.JsonVariationDetail(System.String,LaunchDarkly.Client.User,Newtonsoft.Json.Linq.JToken)] Unknown reference link target &#39;T:Newtonsoft.Json.Linq.JToken&#39;. [C:\Users\circleci\temp\docs\Working\BuildTopics.proj]
BuildAssembler : warning : ResolveReferenceLinksComponent: [M:LaunchDarkly.Client.LdClient.JsonVariationDetail(System.String,LaunchDarkly.Client.User,Newtonsoft.Json.Linq.JToken)] Unknown reference link target &#39;T:LaunchDarkly.Client.EvaluationDetail`1&#39;. [C:\Users\circleci\temp\docs\Working\BuildTopics.proj]
BuildAssembler : warning : ResolveReferenceLinksComponent: [M:LaunchDarkly.Client.LdClient.JsonVariationDetail(System.String,LaunchDarkly.Client.User,Newtonsoft.Json.Linq.JToken)] Unknown reference link target &#39;T:Newtonsoft.Json.Linq.JToken&#39;. [C:\Users\circleci\temp\docs\Working\BuildTopics.proj]
BuildAssembler : warning : ResolveReferenceLinksComponent: [M:LaunchDarkly.Client.LdClient.JsonVariationDetail(System.String,LaunchDarkly.Client.User,Newtonsoft.Json.Linq.JToken)] Unknown reference link target &#39;T:Newtonsoft.Json.Linq.JToken&#39;. [C:\Users\circleci\temp\docs\Working\BuildTopics.proj]
BuildAssembler : warning : ResolveReferenceLinksComponent: [M:LaunchDarkly.Client.LdClient.JsonVariationDetail(System.String,LaunchDarkly.Client.User,Newtonsoft.Json.Linq.JToken)] Unknown reference link target &#39;T:Newtonsoft.Json.Linq.JToken&#39;. [C:\Users\circleci\temp\docs\Working\BuildTopics.proj]
BuildAssembler : warning : ResolveReferenceLinksComponent: [M:LaunchDarkly.Client.LdClient.JsonVariationDetail(System.String,LaunchDarkly.Client.User,Newtonsoft.Json.Linq.JToken)] Unknown reference link target &#39;T:LaunchDarkly.Client.LdValue&#39;. [C:\Users\circleci\temp\docs\Working\BuildTopics.proj]
BuildAssembler : warning : ResolveReferenceLinksComponent: [M:LaunchDarkly.Client.LdClient.JsonVariationDetail(System.String,LaunchDarkly.Client.User,Newtonsoft.Json.Linq.JToken)] Unknown reference link target &#39;T:Newtonsoft.Json.Linq.JToken&#39;. [C:\Users\circleci\temp\docs\Working\BuildTopics.proj]
BuildAssembler : warning : ResolveReferenceLinksComponent: [M:LaunchDarkly.Client.LdClient.JsonVariationDetail(System.String,LaunchDarkly.Client.User,Newtonsoft.Json.Linq.JToken)] Unknown reference link target &#39;P:LaunchDarkly.Client.EvaluationDetail`1.Reason&#39;. [C:\Users\circleci\temp\docs\Working\BuildTopics.proj]
BuildAssembler : warning : ResolveReferenceLinksComponent: [M:LaunchDarkly.Client.LdClient.SecureModeHash(LaunchDarkly.Client.User)] Unknown reference link target &#39;T:LaunchDarkly.Client.User&#39;. [C:\Users\circleci\temp\docs\Working\BuildTopics.proj]
BuildAssembler : warning : ResolveReferenceLinksComponent: [M:LaunchDarkly.Client.LdClient.StringVariation(System.String,LaunchDarkly.Client.User,System.String)] Unknown reference link target &#39;T:LaunchDarkly.Client.User&#39;. [C:\Users\circleci\temp\docs\Working\BuildTopics.proj]
BuildAssembler : warning : ResolveReferenceLinksComponent: [M:LaunchDarkly.Client.LdClient.StringVariationDetail(System.String,LaunchDarkly.Client.User,System.String)] Unknown reference link target &#39;T:LaunchDarkly.Client.User&#39;. [C:\Users\circleci\temp\docs\Working\BuildTopics.proj]
BuildAssembler : warning : ResolveReferenceLinksComponent: [M:LaunchDarkly.Client.LdClient.StringVariationDetail(System.String,LaunchDarkly.Client.User,System.String)] Unknown reference link target &#39;T:LaunchDarkly.Client.EvaluationDetail`1&#39;. [C:\Users\circleci\temp\docs\Working\BuildTopics.proj]
BuildAssembler : warning : ResolveReferenceLinksComponent: [M:LaunchDarkly.Client.LdClient.StringVariationDetail(System.String,LaunchDarkly.Client.User,System.String)] Unknown reference link target &#39;T:LaunchDarkly.Client.EvaluationDetail`1&#39;. [C:\Users\circleci\temp\docs\Working\BuildTopics.proj]
BuildAssembler : warning : ResolveReferenceLinksComponent: [M:LaunchDarkly.Client.LdClient.StringVariationDetail(System.String,LaunchDarkly.Client.User,System.String)] Unknown reference link target &#39;P:LaunchDarkly.Client.EvaluationDetail`1.Reason&#39;. [C:\Users\circleci\temp\docs\Working\BuildTopics.proj]
BuildAssembler : warning : ResolveReferenceLinksComponent: [M:LaunchDarkly.Client.LdClient.Track(System.String,LaunchDarkly.Client.User)] Unknown reference link target &#39;T:LaunchDarkly.Client.User&#39;. [C:\Users\circleci\temp\docs\Working\BuildTopics.proj]
BuildAssembler : warning : ResolveReferenceLinksComponent: [M:LaunchDarkly.Client.LdClient.Track(System.String,LaunchDarkly.Client.User,LaunchDarkly.Client.LdValue)] Unknown reference link target &#39;T:LaunchDarkly.Client.User&#39;. [C:\Users\circleci\temp\docs\Working\BuildTopics.proj]
BuildAssembler : warning : ResolveReferenceLinksComponent: [M:LaunchDarkly.Client.LdClient.Track(System.String,LaunchDarkly.Client.User,LaunchDarkly.Client.LdValue)] Unknown reference link target &#39;T:LaunchDarkly.Client.LdValue&#39;. [C:\Users\circleci\temp\docs\Working\BuildTopics.proj]
BuildAssembler : warning : ResolveReferenceLinksComponent: [M:LaunchDarkly.Client.LdClient.Track(System.String,LaunchDarkly.Client.User,LaunchDarkly.Client.LdValue)] Unknown reference link target &#39;P:LaunchDarkly.Client.LdValue.Null&#39;. [C:\Users\circleci\temp\docs\Working\BuildTopics.proj]
BuildAssembler : warning : ResolveReferenceLinksComponent: [M:LaunchDarkly.Client.LdClient.Track(System.String,LaunchDarkly.Client.User,LaunchDarkly.Client.LdValue,System.Double)] Unknown reference link target &#39;T:LaunchDarkly.Client.User&#39;. [C:\Users\circleci\temp\docs\Working\BuildTopics.proj]
BuildAssembler : warning : ResolveReferenceLinksComponent: [M:LaunchDarkly.Client.LdClient.Track(System.String,LaunchDarkly.Client.User,LaunchDarkly.Client.LdValue,System.Double)] Unknown reference link target &#39;T:LaunchDarkly.Client.LdValue&#39;. [C:\Users\circleci\temp\docs\Working\BuildTopics.proj]
BuildAssembler : warning : ResolveReferenceLinksComponent: [M:LaunchDarkly.Client.LdClient.Track(System.String,LaunchDarkly.Client.User,System.String)] Unknown reference link target &#39;T:LaunchDarkly.Client.User&#39;. [C:\Users\circleci\temp\docs\Working\BuildTopics.proj]
BuildAssembler : warning : ResolveReferenceLinksComponent: [M:LaunchDarkly.Client.LdClient.Track(System.String,Newtonsoft.Json.Linq.JToken,LaunchDarkly.Client.User)] Unknown reference link target &#39;T:Newtonsoft.Json.Linq.JToken&#39;. [C:\Users\circleci\temp\docs\Working\BuildTopics.proj]
BuildAssembler : warning : ResolveReferenceLinksComponent: [M:LaunchDarkly.Client.LdClient.Track(System.String,Newtonsoft.Json.Linq.JToken,LaunchDarkly.Client.User)] Unknown reference link target &#39;T:LaunchDarkly.Client.User&#39;. [C:\Users\circleci\temp\docs\Working\BuildTopics.proj]
BuildAssembler : warning : ShowMissingComponent: [P:LaunchDarkly.Client.LdClient.Version] Missing &lt;summary&gt; documentation [C:\Users\circleci\temp\docs\Working\BuildTopics.proj]
BuildAssembler : warning : ResolveReferenceLinksComponent: [P:LaunchDarkly.Client.LdClient.Version] Unknown reference link target &#39;P:LaunchDarkly.Common.ILdCommonClient.Version&#39;. [C:\Users\circleci\temp\docs\Working\BuildTopics.proj]
BuildAssembler : warning : ResolveReferenceLinksComponent: [T:LaunchDarkly.Client.Files.FileDataSourceFactory] Unknown reference link target &#39;M:LaunchDarkly.Client.ConfigurationBuilder.UpdateProcessorFactory(LaunchDarkly.Client.IUpdateProcessorFactory)&#39;. [C:\Users\circleci\temp\docs\Working\BuildTopics.proj]
BuildAssembler : warning : ShowMissingComponent: [M:LaunchDarkly.Client.Utils.CachingStoreWrapper.Init(System.Collections.Generic.IDictionary{LaunchDarkly.Client.IVersionedDataKind,System.Collections.Generic.IDictionary{System.String,LaunchDarkly.Client.IVersionedData}})] Missing &lt;param name=&quot;items&quot;/&gt; documentation [C:\Users\circleci\temp\docs\Working\BuildTopics.proj]
BuildAssembler : warning : ResolveReferenceLinksComponent: [R:Project_Documentation] Unknown reference link target &#39;T:LaunchDarkly.Client.User&#39;. [C:\Users\circleci\temp\docs\Working\BuildTopics.proj]
  Processed 315 topic(s)
  233 warning(s)
  CopyFromIndexComponent: &quot;reflection&quot; in-memory cache entries used: 5 of 15.
  CopyFromIndexComponent: &quot;comments&quot; in-memory cache entries used: 3 of 30.
  ResolveReferenceLinksComponent: 43 entries added to the member ID URL cache.  New cache size: 43 entries
Done Building Project &quot;C:\Users\circleci\temp\docs\Working\BuildTopics.proj&quot; (default targets).
    Last step completed in 00:00:17.8088
</buildStep>
<buildStep step="CombiningIntermediateTocFiles">
Combining conceptual and API intermediate TOC files...
    Last step completed in 00:00:00.0161
</buildStep>
<buildStep step="ExtractingHtmlInfo">
Extracting HTML info for HTML Help 1 and/or website...
[C:\Program Files (x86)\Microsoft Visual Studio\2019\Community\MSBuild\Current\Bin\MSBuild.exe - ExtractHtmlInfo.proj]
Sandcastle Help File Builder and Tools, version 2019.8.24.0
Copyright c 2006-2019, Eric Woodruff, All Rights Reserved
E-Mail: Eric@EWoodruff.us

Using LCID &#39;1033&#39;, code page &#39;65001&#39;, encoding charset &#39;UTF-8&#39;.

Processing website files in C:\Users\circleci\temp\docs\Working\Output\Website
Processed 315 HTML files
Sorting keywords and generating See Also indices
Saving website keyword index to C:\Users\circleci\temp\docs\Working\WebKI.xml
Saving website table of contents to C:\Users\circleci\temp\docs\Working\WebTOC.xml
    Last step completed in 00:00:01.8378
</buildStep>
<buildStep step="CopyStandardHelpContent">
Copying standard help content...
C:\Program Files (x86)\EWSoftware\Sandcastle Help File Builder\PresentationStyles\VS2013\icons\AlertCaution.png -&gt; C:\Users\circleci\temp\docs\Working\Output\Website\icons\AlertCaution.png
C:\Program Files (x86)\EWSoftware\Sandcastle Help File Builder\PresentationStyles\VS2013\icons\AlertNote.png -&gt; C:\Users\circleci\temp\docs\Working\Output\Website\icons\AlertNote.png
C:\Program Files (x86)\EWSoftware\Sandcastle Help File Builder\PresentationStyles\VS2013\icons\AlertSecurity.png -&gt; C:\Users\circleci\temp\docs\Working\Output\Website\icons\AlertSecurity.png
C:\Program Files (x86)\EWSoftware\Sandcastle Help File Builder\PresentationStyles\VS2013\icons\CFW.gif -&gt; C:\Users\circleci\temp\docs\Working\Output\Website\icons\CFW.gif
C:\Program Files (x86)\EWSoftware\Sandcastle Help File Builder\PresentationStyles\VS2013\icons\CodeExample.png -&gt; C:\Users\circleci\temp\docs\Working\Output\Website\icons\CodeExample.png
C:\Program Files (x86)\EWSoftware\Sandcastle Help File Builder\PresentationStyles\VS2013\icons\favicon.ico -&gt; C:\Users\circleci\temp\docs\Working\Output\Website\icons\favicon.ico
C:\Program Files (x86)\EWSoftware\Sandcastle Help File Builder\PresentationStyles\VS2013\icons\privclass.gif -&gt; C:\Users\circleci\temp\docs\Working\Output\Website\icons\privclass.gif
C:\Program Files (x86)\EWSoftware\Sandcastle Help File Builder\PresentationStyles\VS2013\icons\privdelegate.gif -&gt; C:\Users\circleci\temp\docs\Working\Output\Website\icons\privdelegate.gif
C:\Program Files (x86)\EWSoftware\Sandcastle Help File Builder\PresentationStyles\VS2013\icons\privenumeration.gif -&gt; C:\Users\circleci\temp\docs\Working\Output\Website\icons\privenumeration.gif
C:\Program Files (x86)\EWSoftware\Sandcastle Help File Builder\PresentationStyles\VS2013\icons\privevent.gif -&gt; C:\Users\circleci\temp\docs\Working\Output\Website\icons\privevent.gif
C:\Program Files (x86)\EWSoftware\Sandcastle Help File Builder\PresentationStyles\VS2013\icons\privextension.gif -&gt; C:\Users\circleci\temp\docs\Working\Output\Website\icons\privextension.gif
C:\Program Files (x86)\EWSoftware\Sandcastle Help File Builder\PresentationStyles\VS2013\icons\privfield.gif -&gt; C:\Users\circleci\temp\docs\Working\Output\Website\icons\privfield.gif
C:\Program Files (x86)\EWSoftware\Sandcastle Help File Builder\PresentationStyles\VS2013\icons\privinterface.gif -&gt; C:\Users\circleci\temp\docs\Working\Output\Website\icons\privinterface.gif
C:\Program Files (x86)\EWSoftware\Sandcastle Help File Builder\PresentationStyles\VS2013\icons\privmethod.gif -&gt; C:\Users\circleci\temp\docs\Working\Output\Website\icons\privmethod.gif
C:\Program Files (x86)\EWSoftware\Sandcastle Help File Builder\PresentationStyles\VS2013\icons\privproperty.gif -&gt; C:\Users\circleci\temp\docs\Working\Output\Website\icons\privproperty.gif
C:\Program Files (x86)\EWSoftware\Sandcastle Help File Builder\PresentationStyles\VS2013\icons\privstructure.gif -&gt; C:\Users\circleci\temp\docs\Working\Output\Website\icons\privstructure.gif
C:\Program Files (x86)\EWSoftware\Sandcastle Help File Builder\PresentationStyles\VS2013\icons\protclass.gif -&gt; C:\Users\circleci\temp\docs\Working\Output\Website\icons\protclass.gif
C:\Program Files (x86)\EWSoftware\Sandcastle Help File Builder\PresentationStyles\VS2013\icons\protdelegate.gif -&gt; C:\Users\circleci\temp\docs\Working\Output\Website\icons\protdelegate.gif
C:\Program Files (x86)\EWSoftware\Sandcastle Help File Builder\PresentationStyles\VS2013\icons\protenumeration.gif -&gt; C:\Users\circleci\temp\docs\Working\Output\Website\icons\protenumeration.gif
C:\Program Files (x86)\EWSoftware\Sandcastle Help File Builder\PresentationStyles\VS2013\icons\protevent.gif -&gt; C:\Users\circleci\temp\docs\Working\Output\Website\icons\protevent.gif
C:\Program Files (x86)\EWSoftware\Sandcastle Help File Builder\PresentationStyles\VS2013\icons\protextension.gif -&gt; C:\Users\circleci\temp\docs\Working\Output\Website\icons\protextension.gif
C:\Program Files (x86)\EWSoftware\Sandcastle Help File Builder\PresentationStyles\VS2013\icons\protfield.gif -&gt; C:\Users\circleci\temp\docs\Working\Output\Website\icons\protfield.gif
C:\Program Files (x86)\EWSoftware\Sandcastle Help File Builder\PresentationStyles\VS2013\icons\protinterface.gif -&gt; C:\Users\circleci\temp\docs\Working\Output\Website\icons\protinterface.gif
C:\Program Files (x86)\EWSoftware\Sandcastle Help File Builder\PresentationStyles\VS2013\icons\protmethod.gif -&gt; C:\Users\circleci\temp\docs\Working\Output\Website\icons\protmethod.gif
C:\Program Files (x86)\EWSoftware\Sandcastle Help File Builder\PresentationStyles\VS2013\icons\protoperator.gif -&gt; C:\Users\circleci\temp\docs\Working\Output\Website\icons\protoperator.gif
C:\Program Files (x86)\EWSoftware\Sandcastle Help File Builder\PresentationStyles\VS2013\icons\protproperty.gif -&gt; C:\Users\circleci\temp\docs\Working\Output\Website\icons\protproperty.gif
C:\Program Files (x86)\EWSoftware\Sandcastle Help File Builder\PresentationStyles\VS2013\icons\protstructure.gif -&gt; C:\Users\circleci\temp\docs\Working\Output\Website\icons\protstructure.gif
C:\Program Files (x86)\EWSoftware\Sandcastle Help File Builder\PresentationStyles\VS2013\icons\pubclass.gif -&gt; C:\Users\circleci\temp\docs\Working\Output\Website\icons\pubclass.gif
C:\Program Files (x86)\EWSoftware\Sandcastle Help File Builder\PresentationStyles\VS2013\icons\pubdelegate.gif -&gt; C:\Users\circleci\temp\docs\Working\Output\Website\icons\pubdelegate.gif
C:\Program Files (x86)\EWSoftware\Sandcastle Help File Builder\PresentationStyles\VS2013\icons\pubenumeration.gif -&gt; C:\Users\circleci\temp\docs\Working\Output\Website\icons\pubenumeration.gif
C:\Program Files (x86)\EWSoftware\Sandcastle Help File Builder\PresentationStyles\VS2013\icons\pubevent.gif -&gt; C:\Users\circleci\temp\docs\Working\Output\Website\icons\pubevent.gif
C:\Program Files (x86)\EWSoftware\Sandcastle Help File Builder\PresentationStyles\VS2013\icons\pubextension.gif -&gt; C:\Users\circleci\temp\docs\Working\Output\Website\icons\pubextension.gif
C:\Program Files (x86)\EWSoftware\Sandcastle Help File Builder\PresentationStyles\VS2013\icons\pubfield.gif -&gt; C:\Users\circleci\temp\docs\Working\Output\Website\icons\pubfield.gif
C:\Program Files (x86)\EWSoftware\Sandcastle Help File Builder\PresentationStyles\VS2013\icons\pubinterface.gif -&gt; C:\Users\circleci\temp\docs\Working\Output\Website\icons\pubinterface.gif
C:\Program Files (x86)\EWSoftware\Sandcastle Help File Builder\PresentationStyles\VS2013\icons\pubmethod.gif -&gt; C:\Users\circleci\temp\docs\Working\Output\Website\icons\pubmethod.gif
C:\Program Files (x86)\EWSoftware\Sandcastle Help File Builder\PresentationStyles\VS2013\icons\puboperator.gif -&gt; C:\Users\circleci\temp\docs\Working\Output\Website\icons\puboperator.gif
C:\Program Files (x86)\EWSoftware\Sandcastle Help File Builder\PresentationStyles\VS2013\icons\pubproperty.gif -&gt; C:\Users\circleci\temp\docs\Working\Output\Website\icons\pubproperty.gif
C:\Program Files (x86)\EWSoftware\Sandcastle Help File Builder\PresentationStyles\VS2013\icons\pubstructure.gif -&gt; C:\Users\circleci\temp\docs\Working\Output\Website\icons\pubstructure.gif
C:\Program Files (x86)\EWSoftware\Sandcastle Help File Builder\PresentationStyles\VS2013\icons\SectionCollapsed.png -&gt; C:\Users\circleci\temp\docs\Working\Output\Website\icons\SectionCollapsed.png
C:\Program Files (x86)\EWSoftware\Sandcastle Help File Builder\PresentationStyles\VS2013\icons\SectionExpanded.png -&gt; C:\Users\circleci\temp\docs\Working\Output\Website\icons\SectionExpanded.png
C:\Program Files (x86)\EWSoftware\Sandcastle Help File Builder\PresentationStyles\VS2013\icons\slMobile.gif -&gt; C:\Users\circleci\temp\docs\Working\Output\Website\icons\slMobile.gif
C:\Program Files (x86)\EWSoftware\Sandcastle Help File Builder\PresentationStyles\VS2013\icons\static.gif -&gt; C:\Users\circleci\temp\docs\Working\Output\Website\icons\static.gif
C:\Program Files (x86)\EWSoftware\Sandcastle Help File Builder\PresentationStyles\VS2013\icons\xna.gif -&gt; C:\Users\circleci\temp\docs\Working\Output\Website\icons\xna.gif
C:\Program Files (x86)\EWSoftware\Sandcastle Help File Builder\PresentationStyles\VS2013\scripts\branding.js -&gt; C:\Users\circleci\temp\docs\Working\Output\Website\scripts\branding.js
C:\Program Files (x86)\EWSoftware\Sandcastle Help File Builder\PresentationStyles\VS2013\styles\branding-cs-CZ.css -&gt; C:\Users\circleci\temp\docs\Working\Output\Website\styles\branding-cs-CZ.css
C:\Program Files (x86)\EWSoftware\Sandcastle Help File Builder\PresentationStyles\VS2013\styles\branding-de-DE.css -&gt; C:\Users\circleci\temp\docs\Working\Output\Website\styles\branding-de-DE.css
C:\Program Files (x86)\EWSoftware\Sandcastle Help File Builder\PresentationStyles\VS2013\styles\branding-en-US.css -&gt; C:\Users\circleci\temp\docs\Working\Output\Website\styles\branding-en-US.css
C:\Program Files (x86)\EWSoftware\Sandcastle Help File Builder\PresentationStyles\VS2013\styles\branding-es-ES.css -&gt; C:\Users\circleci\temp\docs\Working\Output\Website\styles\branding-es-ES.css
C:\Program Files (x86)\EWSoftware\Sandcastle Help File Builder\PresentationStyles\VS2013\styles\branding-fr-FR.css -&gt; C:\Users\circleci\temp\docs\Working\Output\Website\styles\branding-fr-FR.css
C:\Program Files (x86)\EWSoftware\Sandcastle Help File Builder\PresentationStyles\VS2013\styles\branding-Help1.css -&gt; C:\Users\circleci\temp\docs\Working\Output\Website\styles\branding-Help1.css
C:\Program Files (x86)\EWSoftware\Sandcastle Help File Builder\PresentationStyles\VS2013\styles\branding-HelpViewer.css -&gt; C:\Users\circleci\temp\docs\Working\Output\Website\styles\branding-HelpViewer.css
C:\Program Files (x86)\EWSoftware\Sandcastle Help File Builder\PresentationStyles\VS2013\styles\branding-it-IT.css -&gt; C:\Users\circleci\temp\docs\Working\Output\Website\styles\branding-it-IT.css
C:\Program Files (x86)\EWSoftware\Sandcastle Help File Builder\PresentationStyles\VS2013\styles\branding-ja-JP.css -&gt; C:\Users\circleci\temp\docs\Working\Output\Website\styles\branding-ja-JP.css
C:\Program Files (x86)\EWSoftware\Sandcastle Help File Builder\PresentationStyles\VS2013\styles\branding-ko-KR.css -&gt; C:\Users\circleci\temp\docs\Working\Output\Website\styles\branding-ko-KR.css
C:\Program Files (x86)\EWSoftware\Sandcastle Help File Builder\PresentationStyles\VS2013\styles\branding-pl-PL.css -&gt; C:\Users\circleci\temp\docs\Working\Output\Website\styles\branding-pl-PL.css
C:\Program Files (x86)\EWSoftware\Sandcastle Help File Builder\PresentationStyles\VS2013\styles\branding-pt-BR.css -&gt; C:\Users\circleci\temp\docs\Working\Output\Website\styles\branding-pt-BR.css
C:\Program Files (x86)\EWSoftware\Sandcastle Help File Builder\PresentationStyles\VS2013\styles\branding-ru-RU.css -&gt; C:\Users\circleci\temp\docs\Working\Output\Website\styles\branding-ru-RU.css
C:\Program Files (x86)\EWSoftware\Sandcastle Help File Builder\PresentationStyles\VS2013\styles\branding-tr-TR.css -&gt; C:\Users\circleci\temp\docs\Working\Output\Website\styles\branding-tr-TR.css
C:\Program Files (x86)\EWSoftware\Sandcastle Help File Builder\PresentationStyles\VS2013\styles\branding-Website.css -&gt; C:\Users\circleci\temp\docs\Working\Output\Website\styles\branding-Website.css
C:\Program Files (x86)\EWSoftware\Sandcastle Help File Builder\PresentationStyles\VS2013\styles\branding-zh-CN.css -&gt; C:\Users\circleci\temp\docs\Working\Output\Website\styles\branding-zh-CN.css
C:\Program Files (x86)\EWSoftware\Sandcastle Help File Builder\PresentationStyles\VS2013\styles\branding-zh-TW.css -&gt; C:\Users\circleci\temp\docs\Working\Output\Website\styles\branding-zh-TW.css
C:\Program Files (x86)\EWSoftware\Sandcastle Help File Builder\PresentationStyles\VS2013\styles\branding.css -&gt; C:\Users\circleci\temp\docs\Working\Output\Website\styles\branding.css
C:\Program Files (x86)\EWSoftware\Sandcastle Help File Builder\PresentationStyles\VS2013\Web\index.html -&gt; C:\Users\circleci\temp\docs\Working\Output\Website\index.html
C:\Program Files (x86)\EWSoftware\Sandcastle Help File Builder\PresentationStyles\VS2013\Web\search.html -&gt; C:\Users\circleci\temp\docs\Working\Output\Website\search.html
C:\Program Files (x86)\EWSoftware\Sandcastle Help File Builder\PresentationStyles\VS2013\Web\SearchHelp.aspx -&gt; C:\Users\circleci\temp\docs\Working\Output\Website\SearchHelp.aspx
C:\Program Files (x86)\EWSoftware\Sandcastle Help File Builder\PresentationStyles\VS2013\Web\SearchHelp.inc.php -&gt; C:\Users\circleci\temp\docs\Working\Output\Website\SearchHelp.inc.php
C:\Program Files (x86)\EWSoftware\Sandcastle Help File Builder\PresentationStyles\VS2013\Web\SearchHelp.php -&gt; C:\Users\circleci\temp\docs\Working\Output\Website\SearchHelp.php
C:\Program Files (x86)\EWSoftware\Sandcastle Help File Builder\PresentationStyles\VS2013\Web\Web.Config -&gt; C:\Users\circleci\temp\docs\Working\Output\Website\Web.Config
C:\Program Files (x86)\EWSoftware\Sandcastle Help File Builder\PresentationStyles\VS2013\Web\html\GeneralError.htm -&gt; C:\Users\circleci\temp\docs\Working\Output\Website\html\GeneralError.htm
C:\Program Files (x86)\EWSoftware\Sandcastle Help File Builder\PresentationStyles\VS2013\Web\html\PageNotFound.htm -&gt; C:\Users\circleci\temp\docs\Working\Output\Website\html\PageNotFound.htm
C:\Program Files (x86)\EWSoftware\Sandcastle Help File Builder\PresentationStyles\VS2013\Web\icons\Search.png -&gt; C:\Users\circleci\temp\docs\Working\Output\Website\icons\Search.png
C:\Program Files (x86)\EWSoftware\Sandcastle Help File Builder\PresentationStyles\VS2013\Web\icons\TocClose.gif -&gt; C:\Users\circleci\temp\docs\Working\Output\Website\icons\TocClose.gif
C:\Program Files (x86)\EWSoftware\Sandcastle Help File Builder\PresentationStyles\VS2013\Web\icons\TocCollapsed.gif -&gt; C:\Users\circleci\temp\docs\Working\Output\Website\icons\TocCollapsed.gif
C:\Program Files (x86)\EWSoftware\Sandcastle Help File Builder\PresentationStyles\VS2013\Web\icons\TocExpanded.gif -&gt; C:\Users\circleci\temp\docs\Working\Output\Website\icons\TocExpanded.gif
C:\Program Files (x86)\EWSoftware\Sandcastle Help File Builder\PresentationStyles\VS2013\Web\icons\TocOpen.gif -&gt; C:\Users\circleci\temp\docs\Working\Output\Website\icons\TocOpen.gif
C:\Program Files (x86)\EWSoftware\Sandcastle Help File Builder\PresentationStyles\VS2013\Web\scripts\branding-Website.js -&gt; C:\Users\circleci\temp\docs\Working\Output\Website\scripts\branding-Website.js
C:\Program Files (x86)\EWSoftware\Sandcastle Help File Builder\PresentationStyles\VS2013\Web\scripts\clipboard.min.js -&gt; C:\Users\circleci\temp\docs\Working\Output\Website\scripts\clipboard.min.js
C:\Program Files (x86)\EWSoftware\Sandcastle Help File Builder\PresentationStyles\VS2013\Web\scripts\jquery-3.3.1.min.js -&gt; C:\Users\circleci\temp\docs\Working\Output\Website\scripts\jquery-3.3.1.min.js
    Last step completed in 00:00:00.2695
</buildStep>
<buildStep step="GenerateHelpFormatTableOfContents">
Generating website table of contents file...
    Last step completed in 00:00:00.0075
</buildStep>
<buildStep step="GenerateFullTextIndex">
Generating full-text index for the website...

<plugIn name="Lightweight Website Style" behavior="After" priority="1000">
Adding lightweight search and TOC elements to each topic...
</plugIn>    Last step completed in 00:00:00.5252
</buildStep>
<buildStep step="CopyingWebsiteFiles">
Copying website files to output folder...

Copied 500 files
Copied 502 files for the website content
    Last step completed in 00:00:00.4955
</buildStep>
<buildStep step="CleanIntermediates">
Removing intermediate files...
    Last step completed in 00:00:00.1110
</buildStep>
<buildStep step="Completed">

Build completed successfully at 11/12/2019 10:28:00 PM.  Total time: 00:00:36.5459

</buildStep>
</shfbBuild>
